[  0%] Built target _dsr_msgs_generate_messages_check_deps_ServoJStream
[  0%] Built target _dsr_msgs_generate_messages_check_deps_MoveSplineJoint
[  0%] Built target _dsr_msgs_generate_messages_check_deps_ReleaseForce
[  0%] Built target _dsr_msgs_generate_messages_check_deps_SetAccXRT
[  0%] Built target _dsr_msgs_generate_messages_check_deps_SetCtrlBoxAnalogInputType
[  0%] Built target _dsr_msgs_generate_messages_check_deps_SpeedJRTStream
[  0%] Built target _dsr_msgs_generate_messages_check_deps_GetJointTorque
[  0%] Built target _dsr_msgs_generate_messages_check_deps_MovePause
[  0%] Built target _dsr_msgs_generate_messages_check_deps_DisconnectRTControl
[  0%] Built target _dsr_msgs_generate_messages_check_deps_GetUserCartCoord
[  0%] Built target _dsr_msgs_generate_messages_check_deps_GetSolutionSpace
[  0%] Built target _dsr_msgs_generate_messages_check_deps_SetStiffnessx
[  0%] Built target _dsr_msgs_generate_messages_check_deps_MoveLine
[  0%] Built target _dsr_msgs_generate_messages_check_deps_GetToolDigitalOutput
[  0%] Built target _dsr_msgs_generate_messages_check_deps_SetRobotSystem
[  0%] Built target _dsr_msgs_generate_messages_check_deps_SetRefCoord
[  0%] Built target _dsr_msgs_generate_messages_check_deps_ParallelAxis1
[  0%] Built target _dsr_msgs_generate_messages_check_deps_GetCurrentPosj
[  0%] Built target _dsr_msgs_generate_messages_check_deps_GetRTControlOutputDataList
[  0%] Built target _dsr_msgs_generate_messages_check_deps_DisableAlterMotion
[  0%] Built target _dsr_msgs_generate_messages_check_deps_SetUserCartCoord2
[  0%] Built target _dsr_msgs_generate_messages_check_deps_GetControlSpace
[  0%] Built target _dsr_msgs_generate_messages_check_deps_SetSingularityHandling
[  0%] Built target _dsr_msgs_generate_messages_check_deps_Ikin
[  0%] Built target _dsr_msgs_generate_messages_check_deps_GetDesiredPosx
[  0%] Built target _dsr_msgs_generate_messages_check_deps_SpeedLStream
[  0%] Built target _dsr_msgs_generate_messages_check_deps_SetRTControlOutput
[  0%] Built target _dsr_msgs_generate_messages_check_deps_LogAlarm
[  0%] Built target _dsr_msgs_generate_messages_check_deps_SetRTControlInput
[  0%] Built target _dsr_msgs_generate_messages_check_deps_GetCurrentTcp
[  0%] Built target _dsr_msgs_generate_messages_check_deps_GetRTControlInputDataList
[  0%] Built target _dsr_msgs_generate_messages_check_deps_SetUserCartCoord1
[  0%] Built target _dsr_msgs_generate_messages_check_deps_MoveSpiral
[  0%] Built target _dsr_msgs_generate_messages_check_deps_GetRobotState
[  0%] Built target _dsr_msgs_generate_messages_check_deps_CheckOrientationCondition1
[  0%] Built target _dsr_msgs_generate_messages_check_deps_RobotStop
[  0%] Built target _dsr_msgs_generate_messages_check_deps_ConfigDeleteTool
[  0%] Built target _dsr_msgs_generate_messages_check_deps_Jog
[  0%] Built target _dsr_msgs_generate_messages_check_deps_SetCtrlBoxAnalogOutput
[  0%] Built target _dsr_msgs_generate_messages_check_deps_SetCtrlBoxDigitalOutput
[  0%] Built target _dsr_msgs_generate_messages_check_deps_GetDesiredPosj
[  0%] Built target _dsr_msgs_generate_messages_check_deps_SpeedLRTStream
[  0%] Built target _dsr_msgs_generate_messages_check_deps_TorqueRTStream
[  0%] Built target _dsr_msgs_generate_messages_check_deps_DrlResume
[  0%] Built target std_msgs_generate_messages_py
[  0%] Built target _dsr_msgs_generate_messages_check_deps_EnableAlterMotion
[  0%] Built target _dsr_msgs_generate_messages_check_deps_GetCtrlBoxDigitalOutput
[  0%] Built target _dsr_msgs_generate_messages_check_deps_SetCtrlBoxAnalogOutputType
[  0%] Built target _dsr_msgs_generate_messages_check_deps_Robotiq2FMove
[  0%] Built target _dsr_msgs_generate_messages_check_deps_GetModbusInput
[  0%] Built target _dsr_msgs_generate_messages_check_deps_SetCurrentTcp
[  0%] Built target _dsr_msgs_generate_messages_check_deps_StartRTControl
[  0%] Built target _dsr_msgs_generate_messages_check_deps_ConfigCreateModbus
[  0%] Built target _dsr_msgs_generate_messages_check_deps_SpeedJStream
[  0%] Built target _dsr_msgs_generate_messages_check_deps_GetDrlState
[  0%] Built target _dsr_msgs_generate_messages_check_deps_GetRobotMode
[  0%] Built target _dsr_msgs_generate_messages_check_deps_ManageAccessControl
[  0%] Built target _dsr_msgs_generate_messages_check_deps_Robotiq2FOpen
[  0%] Built target _dsr_msgs_generate_messages_check_deps_ReadDataRT
[  0%] Built target _dsr_msgs_generate_messages_check_deps_JogMulti
[  0%] Built target _dsr_msgs_generate_messages_check_deps_ResetWorkpieceWeight
[  0%] Built target _dsr_msgs_generate_messages_check_deps_ParallelAxis2
[  0%] Built target _dsr_msgs_generate_messages_check_deps_MoveJoint
[  0%] Built target _dsr_msgs_generate_messages_check_deps_GetControlMode
[  0%] Built target _dsr_msgs_generate_messages_check_deps_GetCurrentVelj
[  0%] Built target _dsr_msgs_generate_messages_check_deps_GetCtrlBoxAnalogInput
[  0%] Built target _dsr_msgs_generate_messages_check_deps_AlterMotion
[  0%] Built target _dsr_msgs_generate_messages_check_deps_GetCurrentSolutionSpace
[  0%] Built target _dsr_msgs_generate_messages_check_deps_SetVelJRT
[  0%] Built target _dsr_msgs_generate_messages_check_deps_TaskComplianceCtrl
[  0%] Built target _dsr_msgs_generate_messages_check_deps_MoveJointx
[  0%] Built target _dsr_msgs_generate_messages_check_deps_SetVelXRT
[  0%] Built target _dsr_msgs_generate_messages_check_deps_GetDesiredVelx
[  0%] Built target _dsr_msgs_generate_messages_check_deps_SetRobotMode
[  0%] Built target _dsr_msgs_generate_messages_check_deps_GetExternalTorque
[  0%] Built target _dsr_msgs_generate_messages_check_deps_MoveCircle
[  0%] Built target _dsr_msgs_generate_messages_check_deps_SetDesiredForce
[  0%] Built target _dsr_msgs_generate_messages_check_deps_ReleaseComplianceCtrl
[  0%] Built target _dsr_msgs_generate_messages_check_deps_GetCurrentPose
[  0%] Built target _dsr_msgs_generate_messages_check_deps_GetToolForce
[  0%] Built target _dsr_msgs_generate_messages_check_deps_SetCurrentTool
[  0%] Built target _dsr_msgs_generate_messages_check_deps_MoveWait
[  0%] Built target _dsr_msgs_generate_messages_check_deps_MovePeriodic
[  0%] Built target _dsr_msgs_generate_messages_check_deps_SetToolShape
[  0%] Built target _dsr_msgs_generate_messages_check_deps_CoordTransform
[  0%] Built target _dsr_msgs_generate_messages_check_deps_GetLastAlarm
[  0%] Built target _dsr_msgs_generate_messages_check_deps_ModbusState
[  0%] Built target _dsr_msgs_generate_messages_check_deps_IkinEx
[  0%] Built target _dsr_msgs_generate_messages_check_deps_CheckPositionCondition
[  0%] Built target _dsr_msgs_generate_messages_check_deps_AlterMotionStream
[  0%] Built target _dsr_msgs_generate_messages_check_deps_MoveStop
[  0%] Built target _dsr_msgs_generate_messages_check_deps_DrlPause
[  0%] Built target _dsr_msgs_generate_messages_check_deps_AlignAxis2
[  0%] Built target _dsr_msgs_generate_messages_check_deps_SetSafeStopResetType
[  0%] Built target _dsr_msgs_generate_messages_check_deps_GetCtrlBoxDigitalInput
[  0%] Built target _dsr_msgs_generate_messages_check_deps_RobotStateRT
[  0%] Built target _dsr_msgs_generate_messages_check_deps_GetCurrentRotm
[  0%] Built target _dsr_msgs_generate_messages_check_deps_DrlStart
[  0%] Built target _dsr_msgs_generate_messages_check_deps_GetToolDigitalInput
[  0%] Built target _dsr_msgs_generate_messages_check_deps_GetRTControlOutputVersionList
[  0%] Built target _dsr_msgs_generate_messages_check_deps_JogMultiAxis
[  0%] Built target _dsr_msgs_generate_messages_check_deps_Robotiq2FClose
[  0%] Built target _dsr_msgs_generate_messages_check_deps_MoveResume
[  0%] Built target _dsr_msgs_generate_messages_check_deps_GetRTControlInputVersionList
[  0%] Built target _dsr_msgs_generate_messages_check_deps_MoveSplineTask
[  0%] Built target _dsr_msgs_generate_messages_check_deps_GetRobotSystem
[  0%] Built target _dsr_msgs_generate_messages_check_deps_ConfigDeleteModbus
[  0%] Built target _dsr_msgs_generate_messages_check_deps_MoveHome
[  0%] Built target _dsr_msgs_generate_messages_check_deps_SetModbusOutput
[  0%] Built target _dsr_msgs_generate_messages_check_deps_Trans
[  0%] Built target _dsr_msgs_generate_messages_check_deps_ConnectRTControl
[  0%] Built target _dsr_msgs_generate_messages_check_deps_GetRobotSpeedMode
[  0%] Built target _dsr_msgs_generate_messages_check_deps_SetUserCartCoord3
[  0%] Built target _dsr_msgs_generate_messages_check_deps_ChangeOperationSpeed
[  0%] Built target _dsr_msgs_generate_messages_check_deps_GetCurrentPosx
[  0%] Built target _dsr_msgs_generate_messages_check_deps_GetCurrentToolFlangePosx
[  0%] Built target _dsr_msgs_generate_messages_check_deps_GetOrientationError
[  0%] Built target _dsr_msgs_generate_messages_check_deps_IsDoneBoltTightening
[  0%] Built target _dsr_msgs_generate_messages_check_deps_SerialSendData
[  0%] Built target _dsr_msgs_generate_messages_check_deps_ConfigCreateTcp
[  0%] Built target _dsr_msgs_generate_messages_check_deps_RobotState
[  0%] Built target _dsr_msgs_generate_messages_check_deps_StopRTControl
[  0%] Built target _dsr_msgs_generate_messages_check_deps_Fkin
[  0%] Built target _dsr_msgs_generate_messages_check_deps_ServoLRTStream
[  0%] Built target _dsr_msgs_generate_messages_check_deps_SetRobotSpeedMode
[  0%] Built target _dsr_msgs_generate_messages_check_deps_SetRobotControl
[  0%] Built target _dsr_msgs_generate_messages_check_deps_ConfigDeleteTcp
[  0%] Built target _dsr_msgs_generate_messages_check_deps_ServoJRTStream
[  0%] Built target _dsr_msgs_generate_messages_check_deps_CheckOrientationCondition2
[  0%] Built target _dsr_msgs_generate_messages_check_deps_DrlStop
[  0%] Built target _dsr_msgs_generate_messages_check_deps_ServoLStream
[  0%] Built target _dsr_msgs_generate_messages_check_deps_GetDesiredVelj
[  0%] Built target _dsr_msgs_generate_messages_check_deps_OverwriteUserCartCoord
[  0%] Built target _dsr_msgs_generate_messages_check_deps_GetWorkpieceWeight
[  0%] Built target _dsr_msgs_generate_messages_check_deps_CheckMotion
[  0%] Built target _dsr_msgs_generate_messages_check_deps_SetToolDigitalOutput
[  0%] Built target _dsr_msgs_generate_messages_check_deps_GetCurrentVelx
[  0%] Built target _dsr_msgs_generate_messages_check_deps_CheckForceCondition
[  0%] Built target _dsr_msgs_generate_messages_check_deps_ReleaseProtectiveStop
[  0%] Built target _dsr_msgs_generate_messages_check_deps_AlignAxis1
[  0%] Built target _dsr_msgs_generate_messages_check_deps_RobotError
[  0%] Built target _dsr_msgs_generate_messages_check_deps_CalcCoord
[  0%] Built target _dsr_msgs_generate_messages_check_deps_WriteDataRT
[  0%] Built target _dsr_msgs_generate_messages_check_deps_ConfigCreateTool
[  0%] Built target std_msgs_generate_messages_lisp
[  0%] Built target _dsr_msgs_generate_messages_check_deps_GetCurrentTool
[  0%] Built target std_msgs_generate_messages_cpp
[  0%] Built target std_msgs_generate_messages_eus
[  0%] Built target _dsr_msgs_generate_messages_check_deps_SetAccJRT
[  0%] Built target _dsr_msgs_generate_messages_check_deps_MoveBlending
[  0%] Built target std_msgs_generate_messages_nodejs
[ 20%] Built target dsr_msgs_generate_messages_py
[ 39%] Built target dsr_msgs_generate_messages_cpp
[ 60%] Built target dsr_msgs_generate_messages_eus
[ 80%] Built target dsr_msgs_generate_messages_lisp
[100%] Built target dsr_msgs_generate_messages_nodejs
[100%] Built target dsr_msgs_generate_messages
