[35m[1mScanning dependencies of target _dsr_msgs_generate_messages_check_deps_ServoJStream[0m
[35m[1mScanning dependencies of target _dsr_msgs_generate_messages_check_deps_MoveSplineJoint[0m
[  0%] Built target _dsr_msgs_generate_messages_check_deps_ServoJStream
[  0%] Built target _dsr_msgs_generate_messages_check_deps_MoveSplineJoint
[35m[1mScanning dependencies of target _dsr_msgs_generate_messages_check_deps_ReleaseForce[0m
[35m[1mScanning dependencies of target _dsr_msgs_generate_messages_check_deps_SetAccXRT[0m
[35m[1mScanning dependencies of target _dsr_msgs_generate_messages_check_deps_SetCtrlBoxAnalogInputType[0m
[  0%] Built target _dsr_msgs_generate_messages_check_deps_ReleaseForce
[  0%] Built target _dsr_msgs_generate_messages_check_deps_SetAccXRT
[35m[1mScanning dependencies of target _dsr_msgs_generate_messages_check_deps_GetJointTorque[0m
[35m[1mScanning dependencies of target _dsr_msgs_generate_messages_check_deps_MovePause[0m
[  0%] Built target _dsr_msgs_generate_messages_check_deps_SetCtrlBoxAnalogInputType
[35m[1mScanning dependencies of target _dsr_msgs_generate_messages_check_deps_SpeedJRTStream[0m
[  0%] Built target _dsr_msgs_generate_messages_check_deps_MovePause
[  0%] Built target _dsr_msgs_generate_messages_check_deps_GetJointTorque
[35m[1mScanning dependencies of target _dsr_msgs_generate_messages_check_deps_DisconnectRTControl[0m
[  0%] Built target _dsr_msgs_generate_messages_check_deps_SpeedJRTStream
[35m[1mScanning dependencies of target _dsr_msgs_generate_messages_check_deps_GetUserCartCoord[0m
[35m[1mScanning dependencies of target _dsr_msgs_generate_messages_check_deps_GetSolutionSpace[0m
[35m[1mScanning dependencies of target _dsr_msgs_generate_messages_check_deps_MoveLine[0m
[  0%] Built target _dsr_msgs_generate_messages_check_deps_DisconnectRTControl
[35m[1mScanning dependencies of target _dsr_msgs_generate_messages_check_deps_SetStiffnessx[0m
[  0%] Built target _dsr_msgs_generate_messages_check_deps_MoveLine
[  0%] Built target _dsr_msgs_generate_messages_check_deps_GetUserCartCoord
[35m[1mScanning dependencies of target _dsr_msgs_generate_messages_check_deps_SetRobotSystem[0m
[35m[1mScanning dependencies of target _dsr_msgs_generate_messages_check_deps_GetToolDigitalOutput[0m
[  0%] Built target _dsr_msgs_generate_messages_check_deps_GetSolutionSpace
[35m[1mScanning dependencies of target _dsr_msgs_generate_messages_check_deps_SetRefCoord[0m
[  0%] Built target _dsr_msgs_generate_messages_check_deps_SetStiffnessx
[35m[1mScanning dependencies of target _dsr_msgs_generate_messages_check_deps_GetRTControlOutputDataList[0m
[  0%] Built target _dsr_msgs_generate_messages_check_deps_SetRobotSystem
[  0%] Built target _dsr_msgs_generate_messages_check_deps_GetToolDigitalOutput
[35m[1mScanning dependencies of target _dsr_msgs_generate_messages_check_deps_ParallelAxis1[0m
[  0%] Built target _dsr_msgs_generate_messages_check_deps_SetRefCoord
[35m[1mScanning dependencies of target _dsr_msgs_generate_messages_check_deps_GetCurrentPosj[0m
[35m[1mScanning dependencies of target _dsr_msgs_generate_messages_check_deps_DisableAlterMotion[0m
[35m[1mScanning dependencies of target _dsr_msgs_generate_messages_check_deps_GetControlSpace[0m
[  0%] Built target _dsr_msgs_generate_messages_check_deps_GetRTControlOutputDataList
[  0%] Built target _dsr_msgs_generate_messages_check_deps_ParallelAxis1
[35m[1mScanning dependencies of target _dsr_msgs_generate_messages_check_deps_Ikin[0m
[35m[1mScanning dependencies of target _dsr_msgs_generate_messages_check_deps_SetUserCartCoord2[0m
[  0%] Built target _dsr_msgs_generate_messages_check_deps_GetControlSpace
[  0%] Built target _dsr_msgs_generate_messages_check_deps_GetCurrentPosj
[  0%] Built target _dsr_msgs_generate_messages_check_deps_DisableAlterMotion
[35m[1mScanning dependencies of target _dsr_msgs_generate_messages_check_deps_GetDesiredPosx[0m
[35m[1mScanning dependencies of target _dsr_msgs_generate_messages_check_deps_SetSingularityHandling[0m
[35m[1mScanning dependencies of target _dsr_msgs_generate_messages_check_deps_SetRTControlOutput[0m
[  0%] Built target _dsr_msgs_generate_messages_check_deps_SetUserCartCoord2
[  0%] Built target _dsr_msgs_generate_messages_check_deps_Ikin
[  0%] Built target _dsr_msgs_generate_messages_check_deps_GetDesiredPosx
[35m[1mScanning dependencies of target _dsr_msgs_generate_messages_check_deps_SpeedLStream[0m
[35m[1mScanning dependencies of target _dsr_msgs_generate_messages_check_deps_GetRTControlInputDataList[0m
[35m[1mScanning dependencies of target _dsr_msgs_generate_messages_check_deps_LogAlarm[0m
[  0%] Built target _dsr_msgs_generate_messages_check_deps_SetRTControlOutput
[  0%] Built target _dsr_msgs_generate_messages_check_deps_SetSingularityHandling
[35m[1mScanning dependencies of target _dsr_msgs_generate_messages_check_deps_SetRTControlInput[0m
[  0%] Built target _dsr_msgs_generate_messages_check_deps_LogAlarm
[35m[1mScanning dependencies of target _dsr_msgs_generate_messages_check_deps_GetCurrentTcp[0m
[35m[1mScanning dependencies of target _dsr_msgs_generate_messages_check_deps_SetUserCartCoord1[0m
[  0%] Built target _dsr_msgs_generate_messages_check_deps_GetRTControlInputDataList
[  0%] Built target _dsr_msgs_generate_messages_check_deps_SetRTControlInput
[35m[1mScanning dependencies of target _dsr_msgs_generate_messages_check_deps_GetRobotState[0m
[  0%] Built target _dsr_msgs_generate_messages_check_deps_SpeedLStream
[35m[1mScanning dependencies of target _dsr_msgs_generate_messages_check_deps_CheckOrientationCondition1[0m
[35m[1mScanning dependencies of target _dsr_msgs_generate_messages_check_deps_MoveSpiral[0m
[  0%] Built target _dsr_msgs_generate_messages_check_deps_SetUserCartCoord1
[  0%] Built target _dsr_msgs_generate_messages_check_deps_GetCurrentTcp
[35m[1mScanning dependencies of target _dsr_msgs_generate_messages_check_deps_Jog[0m
[35m[1mScanning dependencies of target _dsr_msgs_generate_messages_check_deps_ConfigDeleteTool[0m
[  0%] Built target _dsr_msgs_generate_messages_check_deps_CheckOrientationCondition1
[  0%] Built target _dsr_msgs_generate_messages_check_deps_GetRobotState
[35m[1mScanning dependencies of target _dsr_msgs_generate_messages_check_deps_RobotStop[0m
[  0%] Built target _dsr_msgs_generate_messages_check_deps_MoveSpiral
[35m[1mScanning dependencies of target _dsr_msgs_generate_messages_check_deps_SpeedLRTStream[0m
[  0%] Built target _dsr_msgs_generate_messages_check_deps_ConfigDeleteTool
[35m[1mScanning dependencies of target _dsr_msgs_generate_messages_check_deps_SetCtrlBoxAnalogOutput[0m
[  0%] Built target _dsr_msgs_generate_messages_check_deps_Jog
[35m[1mScanning dependencies of target _dsr_msgs_generate_messages_check_deps_TorqueRTStream[0m
[35m[1mScanning dependencies of target _dsr_msgs_generate_messages_check_deps_GetDesiredPosj[0m
[  0%] Built target _dsr_msgs_generate_messages_check_deps_SpeedLRTStream
[  0%] Built target _dsr_msgs_generate_messages_check_deps_RobotStop
[35m[1mScanning dependencies of target _dsr_msgs_generate_messages_check_deps_SetCtrlBoxDigitalOutput[0m
[  0%] Built target _dsr_msgs_generate_messages_check_deps_SetCtrlBoxAnalogOutput
[35m[1mScanning dependencies of target _dsr_msgs_generate_messages_check_deps_DrlResume[0m
[  0%] Built target _dsr_msgs_generate_messages_check_deps_GetDesiredPosj
[  0%] Built target _dsr_msgs_generate_messages_check_deps_TorqueRTStream
[35m[1mScanning dependencies of target _dsr_msgs_generate_messages_check_deps_EnableAlterMotion[0m
[35m[1mScanning dependencies of target _dsr_msgs_generate_messages_check_deps_GetCtrlBoxDigitalOutput[0m
[35m[1mScanning dependencies of target std_msgs_generate_messages_py[0m
[  0%] Built target _dsr_msgs_generate_messages_check_deps_SetCtrlBoxDigitalOutput
[35m[1mScanning dependencies of target _dsr_msgs_generate_messages_check_deps_Robotiq2FMove[0m
[35m[1mScanning dependencies of target _dsr_msgs_generate_messages_check_deps_StartRTControl[0m
[  0%] Built target _dsr_msgs_generate_messages_check_deps_DrlResume
[  0%] Built target std_msgs_generate_messages_py
[  0%] Built target _dsr_msgs_generate_messages_check_deps_EnableAlterMotion
[35m[1mScanning dependencies of target _dsr_msgs_generate_messages_check_deps_SetCurrentTcp[0m
[35m[1mScanning dependencies of target _dsr_msgs_generate_messages_check_deps_GetModbusInput[0m
[35m[1mScanning dependencies of target _dsr_msgs_generate_messages_check_deps_SetCtrlBoxAnalogOutputType[0m
[  0%] Built target _dsr_msgs_generate_messages_check_deps_Robotiq2FMove
[  0%] Built target _dsr_msgs_generate_messages_check_deps_GetCtrlBoxDigitalOutput
[35m[1mScanning dependencies of target _dsr_msgs_generate_messages_check_deps_SpeedJStream[0m
[  0%] Built target _dsr_msgs_generate_messages_check_deps_StartRTControl
[35m[1mScanning dependencies of target _dsr_msgs_generate_messages_check_deps_ConfigCreateModbus[0m
[  0%] Built target _dsr_msgs_generate_messages_check_deps_GetModbusInput
[35m[1mScanning dependencies of target _dsr_msgs_generate_messages_check_deps_GetRobotMode[0m
[  0%] Built target _dsr_msgs_generate_messages_check_deps_SetCtrlBoxAnalogOutputType
[35m[1mScanning dependencies of target _dsr_msgs_generate_messages_check_deps_GetDrlState[0m
[  0%] Built target _dsr_msgs_generate_messages_check_deps_SetCurrentTcp
[  0%] Built target _dsr_msgs_generate_messages_check_deps_SpeedJStream
[35m[1mScanning dependencies of target _dsr_msgs_generate_messages_check_deps_Robotiq2FOpen[0m
[  0%] Built target _dsr_msgs_generate_messages_check_deps_ConfigCreateModbus
[35m[1mScanning dependencies of target _dsr_msgs_generate_messages_check_deps_ManageAccessControl[0m
[35m[1mScanning dependencies of target _dsr_msgs_generate_messages_check_deps_ReadDataRT[0m
[  0%] Built target _dsr_msgs_generate_messages_check_deps_GetRobotMode
[35m[1mScanning dependencies of target _dsr_msgs_generate_messages_check_deps_JogMulti[0m
[  0%] Built target _dsr_msgs_generate_messages_check_deps_Robotiq2FOpen
[  0%] Built target _dsr_msgs_generate_messages_check_deps_GetDrlState
[35m[1mScanning dependencies of target _dsr_msgs_generate_messages_check_deps_ParallelAxis2[0m
[35m[1mScanning dependencies of target _dsr_msgs_generate_messages_check_deps_GetControlMode[0m
[35m[1mScanning dependencies of target _dsr_msgs_generate_messages_check_deps_ResetWorkpieceWeight[0m
[  0%] Built target _dsr_msgs_generate_messages_check_deps_ManageAccessControl
[  0%] Built target _dsr_msgs_generate_messages_check_deps_JogMulti
[  0%] Built target _dsr_msgs_generate_messages_check_deps_ReadDataRT
[35m[1mScanning dependencies of target _dsr_msgs_generate_messages_check_deps_GetCurrentVelj[0m
[35m[1mScanning dependencies of target _dsr_msgs_generate_messages_check_deps_MoveJoint[0m
[35m[1mScanning dependencies of target _dsr_msgs_generate_messages_check_deps_GetCtrlBoxAnalogInput[0m
[  0%] Built target _dsr_msgs_generate_messages_check_deps_ResetWorkpieceWeight
[  0%] Built target _dsr_msgs_generate_messages_check_deps_ParallelAxis2
[  0%] Built target _dsr_msgs_generate_messages_check_deps_GetControlMode
[35m[1mScanning dependencies of target _dsr_msgs_generate_messages_check_deps_GetCurrentSolutionSpace[0m
[35m[1mScanning dependencies of target _dsr_msgs_generate_messages_check_deps_AlterMotion[0m
[35m[1mScanning dependencies of target _dsr_msgs_generate_messages_check_deps_MoveJointx[0m
[  0%] Built target _dsr_msgs_generate_messages_check_deps_MoveJoint
[  0%] Built target _dsr_msgs_generate_messages_check_deps_GetCurrentVelj
[  0%] Built target _dsr_msgs_generate_messages_check_deps_GetCtrlBoxAnalogInput
[35m[1mScanning dependencies of target _dsr_msgs_generate_messages_check_deps_SetVelJRT[0m
[  0%] Built target _dsr_msgs_generate_messages_check_deps_GetCurrentSolutionSpace
[35m[1mScanning dependencies of target _dsr_msgs_generate_messages_check_deps_GetDesiredVelx[0m
[  0%] Built target _dsr_msgs_generate_messages_check_deps_AlterMotion
[35m[1mScanning dependencies of target _dsr_msgs_generate_messages_check_deps_SetVelXRT[0m
[35m[1mScanning dependencies of target _dsr_msgs_generate_messages_check_deps_TaskComplianceCtrl[0m
[  0%] Built target _dsr_msgs_generate_messages_check_deps_MoveJointx
[35m[1mScanning dependencies of target _dsr_msgs_generate_messages_check_deps_GetExternalTorque[0m
[  0%] Built target _dsr_msgs_generate_messages_check_deps_SetVelJRT
[35m[1mScanning dependencies of target _dsr_msgs_generate_messages_check_deps_SetRobotMode[0m
[  0%] Built target _dsr_msgs_generate_messages_check_deps_SetVelXRT
[  0%] Built target _dsr_msgs_generate_messages_check_deps_TaskComplianceCtrl
[  0%] Built target _dsr_msgs_generate_messages_check_deps_GetDesiredVelx
[35m[1mScanning dependencies of target _dsr_msgs_generate_messages_check_deps_SetDesiredForce[0m
[35m[1mScanning dependencies of target _dsr_msgs_generate_messages_check_deps_ReleaseComplianceCtrl[0m
[35m[1mScanning dependencies of target _dsr_msgs_generate_messages_check_deps_MoveCircle[0m
[35m[1mScanning dependencies of target _dsr_msgs_generate_messages_check_deps_GetToolForce[0m
[  0%] Built target _dsr_msgs_generate_messages_check_deps_SetRobotMode
[  0%] Built target _dsr_msgs_generate_messages_check_deps_GetExternalTorque
[  0%] Built target _dsr_msgs_generate_messages_check_deps_SetDesiredForce
[35m[1mScanning dependencies of target _dsr_msgs_generate_messages_check_deps_GetCurrentPose[0m
[35m[1mScanning dependencies of target _dsr_msgs_generate_messages_check_deps_SetToolShape[0m
[  0%] Built target _dsr_msgs_generate_messages_check_deps_GetToolForce
[35m[1mScanning dependencies of target _dsr_msgs_generate_messages_check_deps_SetCurrentTool[0m
[  0%] Built target _dsr_msgs_generate_messages_check_deps_MoveCircle
[  0%] Built target _dsr_msgs_generate_messages_check_deps_ReleaseComplianceCtrl
[35m[1mScanning dependencies of target _dsr_msgs_generate_messages_check_deps_MoveWait[0m
[35m[1mScanning dependencies of target _dsr_msgs_generate_messages_check_deps_MovePeriodic[0m
[35m[1mScanning dependencies of target _dsr_msgs_generate_messages_check_deps_GetLastAlarm[0m
[  0%] Built target _dsr_msgs_generate_messages_check_deps_SetCurrentTool
[  0%] Built target _dsr_msgs_generate_messages_check_deps_GetCurrentPose
[  0%] Built target _dsr_msgs_generate_messages_check_deps_SetToolShape
[35m[1mScanning dependencies of target _dsr_msgs_generate_messages_check_deps_CoordTransform[0m
[  0%] Built target _dsr_msgs_generate_messages_check_deps_MovePeriodic
[35m[1mScanning dependencies of target _dsr_msgs_generate_messages_check_deps_ModbusState[0m
[  0%] Built target _dsr_msgs_generate_messages_check_deps_MoveWait
[35m[1mScanning dependencies of target _dsr_msgs_generate_messages_check_deps_CheckPositionCondition[0m
[35m[1mScanning dependencies of target _dsr_msgs_generate_messages_check_deps_MoveStop[0m
[  0%] Built target _dsr_msgs_generate_messages_check_deps_GetLastAlarm
[35m[1mScanning dependencies of target _dsr_msgs_generate_messages_check_deps_IkinEx[0m
[35m[1mScanning dependencies of target _dsr_msgs_generate_messages_check_deps_AlterMotionStream[0m
[  0%] Built target _dsr_msgs_generate_messages_check_deps_CoordTransform
[35m[1mScanning dependencies of target _dsr_msgs_generate_messages_check_deps_DrlPause[0m
[  0%] Built target _dsr_msgs_generate_messages_check_deps_IkinEx
[  0%] Built target _dsr_msgs_generate_messages_check_deps_AlterMotionStream
[  0%] Built target _dsr_msgs_generate_messages_check_deps_ModbusState
[35m[1mScanning dependencies of target _dsr_msgs_generate_messages_check_deps_GetCtrlBoxDigitalInput[0m
[  0%] Built target _dsr_msgs_generate_messages_check_deps_MoveStop
[  0%] Built target _dsr_msgs_generate_messages_check_deps_CheckPositionCondition
[35m[1mScanning dependencies of target _dsr_msgs_generate_messages_check_deps_RobotStateRT[0m
[35m[1mScanning dependencies of target _dsr_msgs_generate_messages_check_deps_AlignAxis2[0m
[35m[1mScanning dependencies of target _dsr_msgs_generate_messages_check_deps_SetSafeStopResetType[0m
[35m[1mScanning dependencies of target _dsr_msgs_generate_messages_check_deps_GetToolDigitalInput[0m
[  0%] Built target _dsr_msgs_generate_messages_check_deps_GetCtrlBoxDigitalInput
[  0%] Built target _dsr_msgs_generate_messages_check_deps_DrlPause
[  0%] Built target _dsr_msgs_generate_messages_check_deps_RobotStateRT
[35m[1mScanning dependencies of target _dsr_msgs_generate_messages_check_deps_GetCurrentRotm[0m
[  0%] Built target _dsr_msgs_generate_messages_check_deps_SetSafeStopResetType
[35m[1mScanning dependencies of target _dsr_msgs_generate_messages_check_deps_DrlStart[0m
[35m[1mScanning dependencies of target _dsr_msgs_generate_messages_check_deps_JogMultiAxis[0m
[35m[1mScanning dependencies of target _dsr_msgs_generate_messages_check_deps_GetRTControlOutputVersionList[0m
[  0%] Built target _dsr_msgs_generate_messages_check_deps_AlignAxis2
[  0%] Built target _dsr_msgs_generate_messages_check_deps_GetToolDigitalInput
[35m[1mScanning dependencies of target _dsr_msgs_generate_messages_check_deps_MoveResume[0m
[35m[1mScanning dependencies of target _dsr_msgs_generate_messages_check_deps_Robotiq2FClose[0m
[  0%] Built target _dsr_msgs_generate_messages_check_deps_DrlStart
[  0%] Built target _dsr_msgs_generate_messages_check_deps_MoveResume
[  0%] Built target _dsr_msgs_generate_messages_check_deps_GetCurrentRotm
[  0%] Built target _dsr_msgs_generate_messages_check_deps_GetRTControlOutputVersionList
[35m[1mScanning dependencies of target _dsr_msgs_generate_messages_check_deps_GetRobotSystem[0m
[35m[1mScanning dependencies of target _dsr_msgs_generate_messages_check_deps_GetRTControlInputVersionList[0m
[35m[1mScanning dependencies of target _dsr_msgs_generate_messages_check_deps_MoveSplineTask[0m
[  0%] Built target _dsr_msgs_generate_messages_check_deps_JogMultiAxis
[35m[1mScanning dependencies of target _dsr_msgs_generate_messages_check_deps_ConfigDeleteModbus[0m
[35m[1mScanning dependencies of target _dsr_msgs_generate_messages_check_deps_MoveHome[0m
[  0%] Built target _dsr_msgs_generate_messages_check_deps_Robotiq2FClose
[  0%] Built target _dsr_msgs_generate_messages_check_deps_MoveSplineTask
[  0%] Built target _dsr_msgs_generate_messages_check_deps_GetRTControlInputVersionList
[35m[1mScanning dependencies of target _dsr_msgs_generate_messages_check_deps_SetModbusOutput[0m
[35m[1mScanning dependencies of target _dsr_msgs_generate_messages_check_deps_ConnectRTControl[0m
[  0%] Built target _dsr_msgs_generate_messages_check_deps_GetRobotSystem
[  0%] Built target _dsr_msgs_generate_messages_check_deps_ConfigDeleteModbus
[35m[1mScanning dependencies of target _dsr_msgs_generate_messages_check_deps_ChangeOperationSpeed[0m
[35m[1mScanning dependencies of target _dsr_msgs_generate_messages_check_deps_Trans[0m
[35m[1mScanning dependencies of target _dsr_msgs_generate_messages_check_deps_GetRobotSpeedMode[0m
[35m[1mScanning dependencies of target _dsr_msgs_generate_messages_check_deps_SetUserCartCoord3[0m
[  0%] Built target _dsr_msgs_generate_messages_check_deps_MoveHome
[35m[1mScanning dependencies of target _dsr_msgs_generate_messages_check_deps_GetCurrentPosx[0m
[  0%] Built target _dsr_msgs_generate_messages_check_deps_GetRobotSpeedMode
[  0%] Built target _dsr_msgs_generate_messages_check_deps_ConnectRTControl
[  0%] Built target _dsr_msgs_generate_messages_check_deps_SetModbusOutput
[35m[1mScanning dependencies of target _dsr_msgs_generate_messages_check_deps_GetCurrentToolFlangePosx[0m
[  0%] Built target _dsr_msgs_generate_messages_check_deps_ChangeOperationSpeed
[  0%] Built target _dsr_msgs_generate_messages_check_deps_Trans
[35m[1mScanning dependencies of target _dsr_msgs_generate_messages_check_deps_GetOrientationError[0m
[35m[1mScanning dependencies of target _dsr_msgs_generate_messages_check_deps_SerialSendData[0m
[35m[1mScanning dependencies of target _dsr_msgs_generate_messages_check_deps_StopRTControl[0m
[35m[1mScanning dependencies of target _dsr_msgs_generate_messages_check_deps_IsDoneBoltTightening[0m
[  0%] Built target _dsr_msgs_generate_messages_check_deps_SetUserCartCoord3
[  0%] Built target _dsr_msgs_generate_messages_check_deps_GetCurrentPosx
[35m[1mScanning dependencies of target _dsr_msgs_generate_messages_check_deps_RobotState[0m
[35m[1mScanning dependencies of target _dsr_msgs_generate_messages_check_deps_ConfigCreateTcp[0m
[  0%] Built target _dsr_msgs_generate_messages_check_deps_GetCurrentToolFlangePosx
[  0%] Built target _dsr_msgs_generate_messages_check_deps_GetOrientationError
[  0%] Built target _dsr_msgs_generate_messages_check_deps_StopRTControl
[  0%] Built target _dsr_msgs_generate_messages_check_deps_IsDoneBoltTightening
[35m[1mScanning dependencies of target _dsr_msgs_generate_messages_check_deps_Fkin[0m
[35m[1mScanning dependencies of target _dsr_msgs_generate_messages_check_deps_ConfigDeleteTcp[0m
[35m[1mScanning dependencies of target _dsr_msgs_generate_messages_check_deps_SetRobotControl[0m
[35m[1mScanning dependencies of target _dsr_msgs_generate_messages_check_deps_SetRobotSpeedMode[0m
[  0%] Built target _dsr_msgs_generate_messages_check_deps_RobotState
[  0%] Built target _dsr_msgs_generate_messages_check_deps_SerialSendData
[35m[1mScanning dependencies of target _dsr_msgs_generate_messages_check_deps_ServoJRTStream[0m
[35m[1mScanning dependencies of target _dsr_msgs_generate_messages_check_deps_ServoLRTStream[0m
[  0%] Built target _dsr_msgs_generate_messages_check_deps_Fkin
[  0%] Built target _dsr_msgs_generate_messages_check_deps_ConfigDeleteTcp
[  0%] Built target _dsr_msgs_generate_messages_check_deps_SetRobotSpeedMode
[  0%] Built target _dsr_msgs_generate_messages_check_deps_ConfigCreateTcp
[35m[1mScanning dependencies of target _dsr_msgs_generate_messages_check_deps_DrlStop[0m
[35m[1mScanning dependencies of target _dsr_msgs_generate_messages_check_deps_CheckOrientationCondition2[0m
[35m[1mScanning dependencies of target _dsr_msgs_generate_messages_check_deps_ServoLStream[0m
[  0%] Built target _dsr_msgs_generate_messages_check_deps_SetRobotControl
[35m[1mScanning dependencies of target _dsr_msgs_generate_messages_check_deps_GetWorkpieceWeight[0m
[35m[1mScanning dependencies of target _dsr_msgs_generate_messages_check_deps_GetDesiredVelj[0m
[  0%] Built target _dsr_msgs_generate_messages_check_deps_ServoLRTStream
[  0%] Built target _dsr_msgs_generate_messages_check_deps_ServoJRTStream
[35m[1mScanning dependencies of target _dsr_msgs_generate_messages_check_deps_SetToolDigitalOutput[0m
[  0%] Built target _dsr_msgs_generate_messages_check_deps_DrlStop
[  0%] Built target _dsr_msgs_generate_messages_check_deps_CheckOrientationCondition2
[  0%] Built target _dsr_msgs_generate_messages_check_deps_ServoLStream
[  0%] Built target _dsr_msgs_generate_messages_check_deps_GetWorkpieceWeight
[35m[1mScanning dependencies of target _dsr_msgs_generate_messages_check_deps_GetCurrentVelx[0m
[35m[1mScanning dependencies of target _dsr_msgs_generate_messages_check_deps_OverwriteUserCartCoord[0m
[35m[1mScanning dependencies of target _dsr_msgs_generate_messages_check_deps_CheckMotion[0m
[35m[1mScanning dependencies of target _dsr_msgs_generate_messages_check_deps_CalcCoord[0m
[  0%] Built target _dsr_msgs_generate_messages_check_deps_GetDesiredVelj
[35m[1mScanning dependencies of target _dsr_msgs_generate_messages_check_deps_ReleaseProtectiveStop[0m
[35m[1mScanning dependencies of target _dsr_msgs_generate_messages_check_deps_CheckForceCondition[0m
[  0%] Built target _dsr_msgs_generate_messages_check_deps_SetToolDigitalOutput
[  0%] Built target _dsr_msgs_generate_messages_check_deps_OverwriteUserCartCoord
[  0%] Built target _dsr_msgs_generate_messages_check_deps_GetCurrentVelx
[35m[1mScanning dependencies of target _dsr_msgs_generate_messages_check_deps_RobotError[0m
[35m[1mScanning dependencies of target _dsr_msgs_generate_messages_check_deps_AlignAxis1[0m
[35m[1mScanning dependencies of target _dsr_msgs_generate_messages_check_deps_WriteDataRT[0m
[  0%] Built target _dsr_msgs_generate_messages_check_deps_ReleaseProtectiveStop
[  0%] Built target _dsr_msgs_generate_messages_check_deps_CalcCoord
[  0%] Built target _dsr_msgs_generate_messages_check_deps_CheckMotion
[  0%] Built target _dsr_msgs_generate_messages_check_deps_CheckForceCondition
[35m[1mScanning dependencies of target _dsr_msgs_generate_messages_check_deps_ConfigCreateTool[0m
[35m[1mScanning dependencies of target _dsr_msgs_generate_messages_check_deps_SetAccJRT[0m
[35m[1mScanning dependencies of target _dsr_msgs_generate_messages_check_deps_GetCurrentTool[0m
[35m[1mScanning dependencies of target _dsr_msgs_generate_messages_check_deps_MoveBlending[0m
[  0%] Built target _dsr_msgs_generate_messages_check_deps_WriteDataRT
[  0%] Built target _dsr_msgs_generate_messages_check_deps_AlignAxis1
[  0%] Built target _dsr_msgs_generate_messages_check_deps_RobotError
[35m[1mScanning dependencies of target std_msgs_generate_messages_cpp[0m
[  0%] Built target _dsr_msgs_generate_messages_check_deps_ConfigCreateTool
[35m[1mScanning dependencies of target std_msgs_generate_messages_eus[0m
[  0%] Built target _dsr_msgs_generate_messages_check_deps_GetCurrentTool
[  0%] Built target _dsr_msgs_generate_messages_check_deps_SetAccJRT
[  0%] Built target std_msgs_generate_messages_cpp
[35m[1mScanning dependencies of target std_msgs_generate_messages_nodejs[0m
[35m[1mScanning dependencies of target std_msgs_generate_messages_lisp[0m
[  0%] Built target _dsr_msgs_generate_messages_check_deps_MoveBlending
[  0%] Built target std_msgs_generate_messages_eus
[  0%] Built target std_msgs_generate_messages_nodejs
[35m[1mScanning dependencies of target dsr_msgs_generate_messages_py[0m
[  0%] Built target std_msgs_generate_messages_lisp
[35m[1mScanning dependencies of target dsr_msgs_generate_messages_cpp[0m
[35m[1mScanning dependencies of target dsr_msgs_generate_messages_eus[0m
[35m[1mScanning dependencies of target dsr_msgs_generate_messages_nodejs[0m
[  0%] [34m[1mGenerating C++ code from dsr_msgs/LogAlarm.msg[0m
[  0%] [34m[1mGenerating Python from MSG dsr_msgs/LogAlarm[0m
[35m[1mScanning dependencies of target dsr_msgs_generate_messages_lisp[0m
[  0%] [34m[1mGenerating Javascript code from dsr_msgs/LogAlarm.msg[0m
[  0%] [34m[1mGenerating EusLisp code from dsr_msgs/LogAlarm.msg[0m
[  0%] [34m[1mGenerating Lisp code from dsr_msgs/LogAlarm.msg[0m
[  0%] [34m[1mGenerating Javascript code from dsr_msgs/RobotStop.msg[0m
[  0%] [34m[1mGenerating Lisp code from dsr_msgs/RobotStop.msg[0m
[  0%] [34m[1mGenerating EusLisp code from dsr_msgs/RobotStop.msg[0m
[  0%] [34m[1mGenerating Javascript code from dsr_msgs/ServoJRTStream.msg[0m
[  0%] [34m[1mGenerating Lisp code from dsr_msgs/ServoJRTStream.msg[0m
[  0%] [34m[1mGenerating Python from MSG dsr_msgs/RobotStop[0m
[  0%] [34m[1mGenerating C++ code from dsr_msgs/RobotStop.msg[0m
[  1%] [34m[1mGenerating EusLisp code from dsr_msgs/ServoJRTStream.msg[0m
[  1%] [34m[1mGenerating Javascript code from dsr_msgs/ServoLStream.msg[0m
[  1%] [34m[1mGenerating C++ code from dsr_msgs/ServoJRTStream.msg[0m
[  1%] [34m[1mGenerating Lisp code from dsr_msgs/ServoLStream.msg[0m
[  1%] [34m[1mGenerating Javascript code from dsr_msgs/SpeedLRTStream.msg[0m
[  1%] [34m[1mGenerating EusLisp code from dsr_msgs/ServoLStream.msg[0m
[  2%] [34m[1mGenerating Lisp code from dsr_msgs/SpeedLRTStream.msg[0m
[  2%] [34m[1mGenerating C++ code from dsr_msgs/ServoLStream.msg[0m
[  2%] [34m[1mGenerating Javascript code from dsr_msgs/RobotState.msg[0m
[  2%] [34m[1mGenerating EusLisp code from dsr_msgs/SpeedLRTStream.msg[0m
[  3%] [34m[1mGenerating Python from MSG dsr_msgs/ServoJRTStream[0m
[  3%] [34m[1mGenerating EusLisp code from dsr_msgs/RobotState.msg[0m
[  3%] [34m[1mGenerating Lisp code from dsr_msgs/RobotState.msg[0m
[  3%] [34m[1mGenerating Javascript code from dsr_msgs/RobotError.msg[0m
[  3%] [34m[1mGenerating Python from MSG dsr_msgs/ServoLStream[0m
[  4%] [34m[1mGenerating Javascript code from dsr_msgs/AlterMotionStream.msg[0m
[  4%] [34m[1mGenerating EusLisp code from dsr_msgs/RobotError.msg[0m
[  4%] [34m[1mGenerating Javascript code from dsr_msgs/SpeedJStream.msg[0m
[  4%] [34m[1mGenerating Lisp code from dsr_msgs/RobotError.msg[0m
[  4%] [34m[1mGenerating C++ code from dsr_msgs/SpeedLRTStream.msg[0m
[  4%] [34m[1mGenerating Javascript code from dsr_msgs/SpeedLStream.msg[0m
[  4%] [34m[1mGenerating Javascript code from dsr_msgs/ModbusState.msg[0m
[  4%] [34m[1mGenerating EusLisp code from dsr_msgs/AlterMotionStream.msg[0m
[  4%] [34m[1mGenerating Python from MSG dsr_msgs/SpeedLRTStream[0m
[  4%] [34m[1mGenerating Lisp code from dsr_msgs/AlterMotionStream.msg[0m
[  4%] [34m[1mGenerating Lisp code from dsr_msgs/SpeedJStream.msg[0m
[  4%] [34m[1mGenerating Python from MSG dsr_msgs/RobotState[0m
[  4%] [34m[1mGenerating Javascript code from dsr_msgs/ServoLRTStream.msg[0m
[  4%] [34m[1mGenerating Python from MSG dsr_msgs/RobotError[0m
[  4%] [34m[1mGenerating EusLisp code from dsr_msgs/SpeedJStream.msg[0m
[  4%] [34m[1mGenerating Lisp code from dsr_msgs/SpeedLStream.msg[0m
[  4%] [34m[1mGenerating Javascript code from dsr_msgs/RobotStateRT.msg[0m
[  4%] [34m[1mGenerating C++ code from dsr_msgs/RobotState.msg[0m
[  4%] [34m[1mGenerating Javascript code from dsr_msgs/ServoJStream.msg[0m
[  4%] [34m[1mGenerating Lisp code from dsr_msgs/ModbusState.msg[0m
[  4%] [34m[1mGenerating EusLisp code from dsr_msgs/SpeedLStream.msg[0m
[  4%] [34m[1mGenerating Python from MSG dsr_msgs/AlterMotionStream[0m
[  4%] [34m[1mGenerating Python from MSG dsr_msgs/SpeedJStream[0m
[  4%] [34m[1mGenerating Lisp code from dsr_msgs/ServoLRTStream.msg[0m
[  5%] [34m[1mGenerating Javascript code from dsr_msgs/TorqueRTStream.msg[0m
[  6%] [34m[1mGenerating Lisp code from dsr_msgs/RobotStateRT.msg[0m
[  7%] [34m[1mGenerating EusLisp code from dsr_msgs/ModbusState.msg[0m
[  7%] [34m[1mGenerating C++ code from dsr_msgs/RobotError.msg[0m
[  7%] [34m[1mGenerating Lisp code from dsr_msgs/ServoJStream.msg[0m
[  7%] [34m[1mGenerating Lisp code from dsr_msgs/TorqueRTStream.msg[0m
[  7%] [34m[1mGenerating Javascript code from dsr_msgs/SpeedJRTStream.msg[0m
[  7%] [34m[1mGenerating Javascript code from dsr_msgs/JogMultiAxis.msg[0m
[  7%] [34m[1mGenerating EusLisp code from dsr_msgs/ServoLRTStream.msg[0m
[  7%] [34m[1mGenerating EusLisp code from dsr_msgs/RobotStateRT.msg[0m
[  7%] [34m[1mGenerating Lisp code from dsr_msgs/SpeedJRTStream.msg[0m
[  7%] [34m[1mGenerating Python from MSG dsr_msgs/SpeedLStream[0m
[  7%] [34m[1mGenerating Javascript code from dsr_msgs/GetCurrentPosj.srv[0m
[  7%] [34m[1mGenerating EusLisp code from dsr_msgs/ServoJStream.msg[0m
[  8%] [34m[1mGenerating C++ code from dsr_msgs/AlterMotionStream.msg[0m
[  8%] [34m[1mGenerating Javascript code from dsr_msgs/JogMulti.srv[0m
[  8%] [34m[1mGenerating Lisp code from dsr_msgs/JogMultiAxis.msg[0m
[  8%] [34m[1mGenerating Javascript code from dsr_msgs/GetDesiredPosj.srv[0m
[  8%] [34m[1mGenerating EusLisp code from dsr_msgs/TorqueRTStream.msg[0m
[  9%] [34m[1mGenerating Python from MSG dsr_msgs/ModbusState[0m
[  9%] [34m[1mGenerating Python from MSG dsr_msgs/ServoLRTStream[0m
[  9%] [34m[1mGenerating Lisp code from dsr_msgs/GetCurrentPosj.srv[0m
[  9%] [34m[1mGenerating Javascript code from dsr_msgs/GetCurrentTool.srv[0m
[  9%] [34m[1mGenerating Javascript code from dsr_msgs/ConfigCreateModbus.srv[0m
[  9%] [34m[1mGenerating EusLisp code from dsr_msgs/SpeedJRTStream.msg[0m
[ 10%] [34m[1mGenerating Javascript code from dsr_msgs/ReadDataRT.srv[0m
[ 10%] [34m[1mGenerating Lisp code from dsr_msgs/JogMulti.srv[0m
[ 10%] [34m[1mGenerating EusLisp code from dsr_msgs/JogMultiAxis.msg[0m
[ 10%] [34m[1mGenerating C++ code from dsr_msgs/SpeedJStream.msg[0m
[ 10%] [34m[1mGenerating Javascript code from dsr_msgs/MoveJoint.srv[0m
[ 11%] [34m[1mGenerating Lisp code from dsr_msgs/GetDesiredPosj.srv[0m
[ 12%] [34m[1mGenerating EusLisp code from dsr_msgs/GetCurrentPosj.srv[0m
[ 12%] [34m[1mGenerating Python from MSG dsr_msgs/RobotStateRT[0m
[ 12%] [34m[1mGenerating Javascript code from dsr_msgs/GetCurrentVelj.srv[0m
[ 12%] [34m[1mGenerating EusLisp code from dsr_msgs/JogMulti.srv[0m
[ 12%] [34m[1mGenerating Python from MSG dsr_msgs/ServoJStream[0m
[ 12%] [34m[1mGenerating Lisp code from dsr_msgs/ConfigCreateModbus.srv[0m
[ 12%] [34m[1mGenerating Lisp code from dsr_msgs/GetCurrentTool.srv[0m
[ 12%] [34m[1mGenerating Javascript code from dsr_msgs/CoordTransform.srv[0m
[ 12%] [34m[1mGenerating Javascript code from dsr_msgs/SetUserCartCoord2.srv[0m
[ 12%] [34m[1mGenerating C++ code from dsr_msgs/SpeedLStream.msg[0m
[ 12%] [34m[1mGenerating EusLisp code from dsr_msgs/GetDesiredPosj.srv[0m
[ 12%] [34m[1mGenerating Lisp code from dsr_msgs/ReadDataRT.srv[0m
[ 12%] [34m[1mGenerating Python from MSG dsr_msgs/TorqueRTStream[0m
[ 12%] [34m[1mGenerating Javascript code from dsr_msgs/ParallelAxis2.srv[0m
[ 12%] [34m[1mGenerating Python from MSG dsr_msgs/SpeedJRTStream[0m
[ 12%] [34m[1mGenerating EusLisp code from dsr_msgs/GetCurrentTool.srv[0m
[ 12%] [34m[1mGenerating Lisp code from dsr_msgs/MoveJoint.srv[0m
[ 12%] [34m[1mGenerating Python from MSG dsr_msgs/JogMultiAxis[0m
[ 12%] [34m[1mGenerating Javascript code from dsr_msgs/MoveJointx.srv[0m
[ 12%] [34m[1mGenerating EusLisp code from dsr_msgs/ConfigCreateModbus.srv[0m
[ 12%] [34m[1mGenerating Lisp code from dsr_msgs/GetCurrentVelj.srv[0m
[ 12%] [34m[1mGenerating C++ code from dsr_msgs/ModbusState.msg[0m
[ 12%] [34m[1mGenerating Lisp code from dsr_msgs/CoordTransform.srv[0m
[ 12%] [34m[1mGenerating EusLisp code from dsr_msgs/ReadDataRT.srv[0m
[ 13%] [34m[1mGenerating Javascript code from dsr_msgs/SetUserCartCoord1.srv[0m
[ 13%] [34m[1mGenerating Javascript code from dsr_msgs/GetControlMode.srv[0m
[ 14%] [34m[1mGenerating Lisp code from dsr_msgs/SetUserCartCoord2.srv[0m
[ 14%] [34m[1mGenerating Lisp code from dsr_msgs/ParallelAxis2.srv[0m
[ 15%] [34m[1mGenerating Python code from SRV dsr_msgs/GetCurrentPosj[0m
[ 15%] [34m[1mGenerating EusLisp code from dsr_msgs/MoveJoint.srv[0m
[ 15%] [34m[1mGenerating Lisp code from dsr_msgs/MoveJointx.srv[0m
[ 15%] [34m[1mGenerating Javascript code from dsr_msgs/GetExternalTorque.srv[0m
[ 15%] [34m[1mGenerating C++ code from dsr_msgs/ServoLRTStream.msg[0m
[ 15%] [34m[1mGenerating C++ code from dsr_msgs/RobotStateRT.msg[0m
[ 15%] [34m[1mGenerating EusLisp code from dsr_msgs/GetCurrentVelj.srv[0m
[ 15%] [34m[1mGenerating Javascript code from dsr_msgs/SetCtrlBoxDigitalOutput.srv[0m
[ 15%] [34m[1mGenerating Lisp code from dsr_msgs/SetUserCartCoord1.srv[0m
[ 15%] [34m[1mGenerating Python code from SRV dsr_msgs/JogMulti[0m
[ 15%] [34m[1mGenerating Python code from SRV dsr_msgs/GetDesiredPosj[0m
[ 15%] [34m[1mGenerating Javascript code from dsr_msgs/GetToolDigitalOutput.srv[0m
[ 16%] [34m[1mGenerating EusLisp code from dsr_msgs/CoordTransform.srv[0m
[ 16%] [34m[1mGenerating Lisp code from dsr_msgs/GetControlMode.srv[0m
[ 16%] [34m[1mGenerating Javascript code from dsr_msgs/SetCtrlBoxAnalogOutputType.srv[0m
[ 16%] [34m[1mGenerating C++ code from dsr_msgs/ServoJStream.msg[0m
[ 16%] [34m[1mGenerating Lisp code from dsr_msgs/GetExternalTorque.srv[0m
[ 16%] [34m[1mGenerating Javascript code from dsr_msgs/ConfigDeleteTcp.srv[0m
[ 16%] [34m[1mGenerating EusLisp code from dsr_msgs/SetUserCartCoord2.srv[0m
[ 16%] [34m[1mGenerating Lisp code from dsr_msgs/SetCtrlBoxDigitalOutput.srv[0m
[ 16%] [34m[1mGenerating Javascript code from dsr_msgs/AlterMotion.srv[0m
[ 17%] [34m[1mGenerating C++ code from dsr_msgs/TorqueRTStream.msg[0m
[ 17%] [34m[1mGenerating Lisp code from dsr_msgs/GetToolDigitalOutput.srv[0m
[ 17%] [34m[1mGenerating Python code from SRV dsr_msgs/GetCurrentTool[0m
[ 17%] [34m[1mGenerating EusLisp code from dsr_msgs/MoveJointx.srv[0m
[ 17%] [34m[1mGenerating EusLisp code from dsr_msgs/ParallelAxis2.srv[0m
[ 18%] [34m[1mGenerating Javascript code from dsr_msgs/Jog.srv[0m
[ 19%] [34m[1mGenerating Lisp code from dsr_msgs/SetCtrlBoxAnalogOutputType.srv[0m
[ 19%] [34m[1mGenerating Javascript code from dsr_msgs/AlignAxis2.srv[0m
[ 19%] [34m[1mGenerating Lisp code from dsr_msgs/ConfigDeleteTcp.srv[0m
[ 19%] [34m[1mGenerating Lisp code from dsr_msgs/AlterMotion.srv[0m
[ 19%] [34m[1mGenerating C++ code from dsr_msgs/SpeedJRTStream.msg[0m
[ 19%] [34m[1mGenerating EusLisp code from dsr_msgs/SetUserCartCoord1.srv[0m
[ 19%] [34m[1mGenerating EusLisp code from dsr_msgs/GetControlMode.srv[0m
[ 19%] [34m[1mGenerating Javascript code from dsr_msgs/TaskComplianceCtrl.srv[0m
[ 19%] [34m[1mGenerating Lisp code from dsr_msgs/Jog.srv[0m
[ 19%] [34m[1mGenerating EusLisp code from dsr_msgs/GetExternalTorque.srv[0m
[ 19%] [34m[1mGenerating Python code from SRV dsr_msgs/ConfigCreateModbus[0m
[ 19%] [34m[1mGenerating C++ code from dsr_msgs/JogMultiAxis.msg[0m
[ 19%] [34m[1mGenerating Lisp code from dsr_msgs/AlignAxis2.srv[0m
[ 19%] [34m[1mGenerating Javascript code from dsr_msgs/SetCtrlBoxAnalogOutput.srv[0m
[ 19%] [34m[1mGenerating Lisp code from dsr_msgs/TaskComplianceCtrl.srv[0m
[ 19%] [34m[1mGenerating C++ code from dsr_msgs/GetCurrentPosj.srv[0m
[ 20%] [34m[1mGenerating EusLisp code from dsr_msgs/SetCtrlBoxDigitalOutput.srv[0m
[ 20%] [34m[1mGenerating Javascript code from dsr_msgs/ManageAccessControl.srv[0m
[ 20%] [34m[1mGenerating Lisp code from dsr_msgs/SetCtrlBoxAnalogOutput.srv[0m
[ 20%] [34m[1mGenerating Javascript code from dsr_msgs/SetRobotControl.srv[0m
[ 20%] [34m[1mGenerating EusLisp code from dsr_msgs/GetToolDigitalOutput.srv[0m
[ 20%] [34m[1mGenerating Python code from SRV dsr_msgs/ReadDataRT[0m
[ 21%] [34m[1mGenerating Lisp code from dsr_msgs/ManageAccessControl.srv[0m
[ 21%] [34m[1mGenerating Javascript code from dsr_msgs/Robotiq2FOpen.srv[0m
[ 22%] [34m[1mGenerating Javascript code from dsr_msgs/SetCurrentTcp.srv[0m
[ 22%] [34m[1mGenerating Javascript code from dsr_msgs/MoveCircle.srv[0m
[ 22%] [34m[1mGenerating Lisp code from dsr_msgs/SetRobotControl.srv[0m
[ 22%] [34m[1mGenerating EusLisp code from dsr_msgs/SetCtrlBoxAnalogOutputType.srv[0m
[ 22%] [34m[1mGenerating Lisp code from dsr_msgs/Robotiq2FOpen.srv[0m
[ 22%] [34m[1mGenerating C++ code from dsr_msgs/JogMulti.srv[0m
[ 22%] [34m[1mGenerating Javascript code from dsr_msgs/ParallelAxis1.srv[0m
[ 22%] [34m[1mGenerating Lisp code from dsr_msgs/SetCurrentTcp.srv[0m
[ 22%] [34m[1mGenerating Python code from SRV dsr_msgs/MoveJoint[0m
[ 22%] [34m[1mGenerating EusLisp code from dsr_msgs/ConfigDeleteTcp.srv[0m
[ 22%] [34m[1mGenerating C++ code from dsr_msgs/GetDesiredPosj.srv[0m
[ 22%] [34m[1mGenerating Javascript code from dsr_msgs/MoveLine.srv[0m
[ 22%] [34m[1mGenerating Lisp code from dsr_msgs/MoveCircle.srv[0m
[ 22%] [34m[1mGenerating Javascript code from dsr_msgs/SetRobotMode.srv[0m
[ 22%] [34m[1mGenerating EusLisp code from dsr_msgs/AlterMotion.srv[0m
[ 22%] [34m[1mGenerating Lisp code from dsr_msgs/ParallelAxis1.srv[0m
[ 22%] [34m[1mGenerating Python code from SRV dsr_msgs/GetCurrentVelj[0m
[ 22%] [34m[1mGenerating Javascript code from dsr_msgs/ConfigDeleteTool.srv[0m
[ 22%] [34m[1mGenerating Lisp code from dsr_msgs/MoveLine.srv[0m
[ 22%] [34m[1mGenerating EusLisp code from dsr_msgs/Jog.srv[0m
[ 22%] [34m[1mGenerating EusLisp code from dsr_msgs/AlignAxis2.srv[0m
[ 22%] [34m[1mGenerating Javascript code from dsr_msgs/SetSingularityHandling.srv[0m
[ 22%] [34m[1mGenerating Lisp code from dsr_msgs/SetRobotMode.srv[0m
[ 22%] [34m[1mGenerating C++ code from dsr_msgs/GetCurrentTool.srv[0m
[ 23%] [34m[1mGenerating EusLisp code from dsr_msgs/TaskComplianceCtrl.srv[0m
[ 24%] [34m[1mGenerating Lisp code from dsr_msgs/ConfigDeleteTool.srv[0m
[ 24%] [34m[1mGenerating Javascript code from dsr_msgs/GetControlSpace.srv[0m
[ 24%] [34m[1mGenerating Lisp code from dsr_msgs/SetSingularityHandling.srv[0m
[ 25%] [34m[1mGenerating Python code from SRV dsr_msgs/CoordTransform[0m
[ 26%] [34m[1mGenerating Javascript code from dsr_msgs/EnableAlterMotion.srv[0m
[ 26%] [34m[1mGenerating EusLisp code from dsr_msgs/SetCtrlBoxAnalogOutput.srv[0m
[ 26%] [34m[1mGenerating Lisp code from dsr_msgs/GetControlSpace.srv[0m
[ 26%] [34m[1mGenerating Lisp code from dsr_msgs/EnableAlterMotion.srv[0m
[ 26%] [34m[1mGenerating Lisp code from dsr_msgs/SetRefCoord.srv[0m
[ 26%] [34m[1mGenerating Lisp code from dsr_msgs/SetStiffnessx.srv[0m
[ 26%] [34m[1mGenerating EusLisp code from dsr_msgs/ManageAccessControl.srv[0m
[ 26%] [34m[1mGenerating Javascript code from dsr_msgs/SetRefCoord.srv[0m
[ 26%] [34m[1mGenerating Python code from SRV dsr_msgs/SetUserCartCoord2[0m
[ 26%] [34m[1mGenerating EusLisp code from dsr_msgs/SetRobotControl.srv[0m
[ 26%] [34m[1mGenerating Javascript code from dsr_msgs/SetStiffnessx.srv[0m
[ 26%] [34m[1mGenerating Lisp code from dsr_msgs/GetRTControlOutputDataList.srv[0m
[ 26%] [34m[1mGenerating C++ code from dsr_msgs/ConfigCreateModbus.srv[0m
[ 26%] [34m[1mGenerating EusLisp code from dsr_msgs/Robotiq2FOpen.srv[0m
[ 27%] [34m[1mGenerating Lisp code from dsr_msgs/GetCurrentTcp.srv[0m
[ 27%] [34m[1mGenerating EusLisp code from dsr_msgs/SetCurrentTcp.srv[0m
[ 27%] [34m[1mGenerating Javascript code from dsr_msgs/GetRTControlOutputDataList.srv[0m
[ 27%] [34m[1mGenerating EusLisp code from dsr_msgs/MoveCircle.srv[0m
[ 27%] [34m[1mGenerating Lisp code from dsr_msgs/MoveBlending.srv[0m
[ 27%] [34m[1mGenerating Lisp code from dsr_msgs/CheckOrientationCondition1.srv[0m
[ 27%] [34m[1mGenerating Python code from SRV dsr_msgs/ParallelAxis2[0m
[ 27%] [34m[1mGenerating Javascript code from dsr_msgs/GetCurrentTcp.srv[0m
[ 27%] [34m[1mGenerating Javascript code from dsr_msgs/MoveBlending.srv[0m
[ 27%] [34m[1mGenerating EusLisp code from dsr_msgs/ParallelAxis1.srv[0m
[ 27%] [34m[1mGenerating Lisp code from dsr_msgs/AlignAxis1.srv[0m
[ 27%] [34m[1mGenerating Javascript code from dsr_msgs/CheckOrientationCondition1.srv[0m
[ 27%] [34m[1mGenerating Python code from SRV dsr_msgs/MoveJointx[0m
[ 27%] [34m[1mGenerating Lisp code from dsr_msgs/SetVelXRT.srv[0m
[ 28%] [34m[1mGenerating Javascript code from dsr_msgs/AlignAxis1.srv[0m
[ 29%] [34m[1mGenerating EusLisp code from dsr_msgs/MoveLine.srv[0m
[ 29%] [34m[1mGenerating Lisp code from dsr_msgs/GetCtrlBoxDigitalOutput.srv[0m
[ 30%] [34m[1mGenerating C++ code from dsr_msgs/ReadDataRT.srv[0m
[ 30%] [34m[1mGenerating Javascript code from dsr_msgs/SetVelXRT.srv[0m
[ 30%] [34m[1mGenerating Javascript code from dsr_msgs/GetCtrlBoxDigitalOutput.srv[0m
[ 30%] [34m[1mGenerating Lisp code from dsr_msgs/SetDesiredForce.srv[0m
[ 30%] [34m[1mGenerating EusLisp code from dsr_msgs/SetRobotMode.srv[0m
[ 30%] [34m[1mGenerating Javascript code from dsr_msgs/SetDesiredForce.srv[0m
[ 30%] [34m[1mGenerating Javascript code from dsr_msgs/GetJointTorque.srv[0m
[ 30%] [34m[1mGenerating Python code from SRV dsr_msgs/SetUserCartCoord1[0m
[ 30%] [34m[1mGenerating Javascript code from dsr_msgs/GetCurrentPose.srv[0m
[ 30%] [34m[1mGenerating Lisp code from dsr_msgs/GetJointTorque.srv[0m
[ 30%] [34m[1mGenerating EusLisp code from dsr_msgs/ConfigDeleteTool.srv[0m
[ 31%] [34m[1mGenerating Lisp code from dsr_msgs/GetCurrentPose.srv[0m
[ 31%] [34m[1mGenerating Javascript code from dsr_msgs/ReleaseForce.srv[0m
[ 31%] [34m[1mGenerating Lisp code from dsr_msgs/ReleaseForce.srv[0m
[ 31%] [34m[1mGenerating EusLisp code from dsr_msgs/SetSingularityHandling.srv[0m
[ 32%] [34m[1mGenerating Javascript code from dsr_msgs/WriteDataRT.srv[0m
[ 32%] [34m[1mGenerating Lisp code from dsr_msgs/WriteDataRT.srv[0m
[ 32%] [34m[1mGenerating Javascript code from dsr_msgs/GetDrlState.srv[0m
[ 32%] [34m[1mGenerating Javascript code from dsr_msgs/SetRTControlOutput.srv[0m
[ 32%] [34m[1mGenerating EusLisp code from dsr_msgs/GetControlSpace.srv[0m
[ 32%] [34m[1mGenerating C++ code from dsr_msgs/MoveJoint.srv[0m
[ 32%] [34m[1mGenerating Python code from SRV dsr_msgs/GetControlMode[0m
[ 32%] [34m[1mGenerating Lisp code from dsr_msgs/GetDrlState.srv[0m
[ 32%] [34m[1mGenerating Lisp code from dsr_msgs/SetRTControlOutput.srv[0m
[ 32%] [34m[1mGenerating Javascript code from dsr_msgs/SetCtrlBoxAnalogInputType.srv[0m
[ 32%] [34m[1mGenerating EusLisp code from dsr_msgs/EnableAlterMotion.srv[0m
[ 32%] [34m[1mGenerating Lisp code from dsr_msgs/SetCtrlBoxAnalogInputType.srv[0m
[ 32%] [34m[1mGenerating Lisp code from dsr_msgs/SetVelJRT.srv[0m
[ 33%] [34m[1mGenerating Lisp code from dsr_msgs/DrlResume.srv[0m
[ 33%] [34m[1mGenerating Javascript code from dsr_msgs/SetVelJRT.srv[0m
[ 33%] [34m[1mGenerating Python code from SRV dsr_msgs/GetExternalTorque[0m
[ 33%] [34m[1mGenerating EusLisp code from dsr_msgs/SetRefCoord.srv[0m
[ 34%] [34m[1mGenerating EusLisp code from dsr_msgs/SetStiffnessx.srv[0m
[ 34%] [34m[1mGenerating Lisp code from dsr_msgs/SetAccXRT.srv[0m
[ 34%] [34m[1mGenerating Javascript code from dsr_msgs/DrlResume.srv[0m
[ 34%] [34m[1mGenerating Lisp code from dsr_msgs/Robotiq2FMove.srv[0m
[ 34%] [34m[1mGenerating Javascript code from dsr_msgs/SetAccXRT.srv[0m
[ 34%] [34m[1mGenerating EusLisp code from dsr_msgs/GetRTControlOutputDataList.srv[0m
[ 34%] [34m[1mGenerating C++ code from dsr_msgs/GetCurrentVelj.srv[0m
[ 35%] [34m[1mGenerating Python code from SRV dsr_msgs/SetCtrlBoxDigitalOutput[0m
[ 35%] [34m[1mGenerating Javascript code from dsr_msgs/Robotiq2FMove.srv[0m
[ 35%] [34m[1mGenerating Lisp code from dsr_msgs/SetAccJRT.srv[0m
[ 35%] [34m[1mGenerating EusLisp code from dsr_msgs/GetCurrentTcp.srv[0m
[ 35%] [34m[1mGenerating Python code from SRV dsr_msgs/GetToolDigitalOutput[0m
[ 36%] [34m[1mGenerating Javascript code from dsr_msgs/SetAccJRT.srv[0m
[ 36%] [34m[1mGenerating Lisp code from dsr_msgs/GetUserCartCoord.srv[0m
[ 36%] [34m[1mGenerating Javascript code from dsr_msgs/GetUserCartCoord.srv[0m
[ 36%] [34m[1mGenerating EusLisp code from dsr_msgs/MoveBlending.srv[0m
[ 36%] [34m[1mGenerating Lisp code from dsr_msgs/IsDoneBoltTightening.srv[0m
[ 36%] [34m[1mGenerating Javascript code from dsr_msgs/IsDoneBoltTightening.srv[0m
[ 36%] [34m[1mGenerating Python code from SRV dsr_msgs/SetCtrlBoxAnalogOutputType[0m
[ 36%] [34m[1mGenerating Python code from SRV dsr_msgs/ConfigDeleteTcp[0m
[ 36%] [34m[1mGenerating Javascript code from dsr_msgs/GetModbusInput.srv[0m
[ 36%] [34m[1mGenerating Lisp code from dsr_msgs/GetModbusInput.srv[0m
[ 36%] [34m[1mGenerating C++ code from dsr_msgs/CoordTransform.srv[0m
[ 36%] [34m[1mGenerating EusLisp code from dsr_msgs/CheckOrientationCondition1.srv[0m
[ 36%] [34m[1mGenerating Javascript code from dsr_msgs/GetCurrentRotm.srv[0m
[ 37%] [34m[1mGenerating Lisp code from dsr_msgs/GetCurrentRotm.srv[0m
[ 37%] [34m[1mGenerating Lisp code from dsr_msgs/GetDesiredPosx.srv[0m
[ 37%] [34m[1mGenerating Python code from SRV dsr_msgs/AlterMotion[0m
[ 37%] [34m[1mGenerating Javascript code from dsr_msgs/GetDesiredPosx.srv[0m
[ 37%] [34m[1mGenerating C++ code from dsr_msgs/SetUserCartCoord2.srv[0m
[ 37%] [34m[1mGenerating EusLisp code from dsr_msgs/AlignAxis1.srv[0m
[ 37%] [34m[1mGenerating Lisp code from dsr_msgs/SetSafeStopResetType.srv[0m
[ 37%] [34m[1mGenerating Javascript code from dsr_msgs/SetSafeStopResetType.srv[0m
[ 38%] [34m[1mGenerating Javascript code from dsr_msgs/GetToolForce.srv[0m
[ 38%] [34m[1mGenerating Lisp code from dsr_msgs/GetToolForce.srv[0m
[ 38%] [34m[1mGenerating EusLisp code from dsr_msgs/SetVelXRT.srv[0m
[ 38%] [34m[1mGenerating Javascript code from dsr_msgs/ResetWorkpieceWeight.srv[0m
[ 38%] [34m[1mGenerating Lisp code from dsr_msgs/ResetWorkpieceWeight.srv[0m
[ 38%] [34m[1mGenerating C++ code from dsr_msgs/ParallelAxis2.srv[0m
[ 38%] [34m[1mGenerating Python code from SRV dsr_msgs/Jog[0m
[ 38%] [34m[1mGenerating Lisp code from dsr_msgs/SetCurrentTool.srv[0m
[ 38%] [34m[1mGenerating Javascript code from dsr_msgs/SetCurrentTool.srv[0m
[ 38%] [34m[1mGenerating Javascript code from dsr_msgs/CalcCoord.srv[0m
[ 38%] [34m[1mGenerating EusLisp code from dsr_msgs/GetCtrlBoxDigitalOutput.srv[0m
[ 38%] [34m[1mGenerating Javascript code from dsr_msgs/GetDesiredVelx.srv[0m
[ 38%] [34m[1mGenerating Lisp code from dsr_msgs/CalcCoord.srv[0m
[ 38%] [34m[1mGenerating Lisp code from dsr_msgs/GetDesiredVelx.srv[0m
[ 38%] [34m[1mGenerating Javascript code from dsr_msgs/MoveResume.srv[0m
[ 38%] [34m[1mGenerating Python code from SRV dsr_msgs/AlignAxis2[0m
[ 39%] [34m[1mGenerating Lisp code from dsr_msgs/MoveResume.srv[0m
[ 40%] [34m[1mGenerating EusLisp code from dsr_msgs/SetDesiredForce.srv[0m
[ 40%] [34m[1mGenerating Javascript code from dsr_msgs/MoveSplineJoint.srv[0m
[ 41%] [34m[1mGenerating Python code from SRV dsr_msgs/TaskComplianceCtrl[0m
[ 41%] [34m[1mGenerating Lisp code from dsr_msgs/MoveSplineJoint.srv[0m
[ 41%] [34m[1mGenerating Javascript code from dsr_msgs/MoveWait.srv[0m
[ 42%] [34m[1mGenerating Javascript code from dsr_msgs/MoveStop.srv[0m
[ 42%] [34m[1mGenerating C++ code from dsr_msgs/MoveJointx.srv[0m
[ 42%] [34m[1mGenerating EusLisp code from dsr_msgs/GetJointTorque.srv[0m
[ 42%] [34m[1mGenerating Lisp code from dsr_msgs/MoveWait.srv[0m
[ 42%] [34m[1mGenerating Javascript code from dsr_msgs/IkinEx.srv[0m
[ 42%] [34m[1mGenerating Lisp code from dsr_msgs/MoveStop.srv[0m
[ 42%] [34m[1mGenerating Javascript code from dsr_msgs/DrlPause.srv[0m
[ 42%] [34m[1mGenerating EusLisp code from dsr_msgs/ReleaseForce.srv[0m
[ 42%] [34m[1mGenerating EusLisp code from dsr_msgs/GetCurrentPose.srv[0m
[ 42%] [34m[1mGenerating Lisp code from dsr_msgs/IkinEx.srv[0m
[ 42%] [34m[1mGenerating Javascript code from dsr_msgs/CheckMotion.srv[0m
[ 42%] [34m[1mGenerating Python code from SRV dsr_msgs/SetCtrlBoxAnalogOutput[0m
[ 42%] [34m[1mGenerating EusLisp code from dsr_msgs/WriteDataRT.srv[0m
[ 42%] [34m[1mGenerating Javascript code from dsr_msgs/GetCtrlBoxDigitalInput.srv[0m
[ 42%] [34m[1mGenerating EusLisp code from dsr_msgs/GetDrlState.srv[0m
[ 42%] [34m[1mGenerating Lisp code from dsr_msgs/DrlPause.srv[0m
[ 42%] [34m[1mGenerating Javascript code from dsr_msgs/GetToolDigitalInput.srv[0m
[ 42%] [34m[1mGenerating Lisp code from dsr_msgs/CheckMotion.srv[0m
[ 42%] [34m[1mGenerating EusLisp code from dsr_msgs/SetRTControlOutput.srv[0m
[ 43%] [34m[1mGenerating C++ code from dsr_msgs/SetUserCartCoord1.srv[0m
[ 43%] [34m[1mGenerating Python code from SRV dsr_msgs/ManageAccessControl[0m
[ 43%] [34m[1mGenerating Javascript code from dsr_msgs/GetRTControlInputDataList.srv[0m
[ 44%] [34m[1mGenerating Javascript code from dsr_msgs/DrlStart.srv[0m
[ 45%] [34m[1mGenerating Lisp code from dsr_msgs/GetCtrlBoxDigitalInput.srv[0m
[ 46%] [34m[1mGenerating EusLisp code from dsr_msgs/SetCtrlBoxAnalogInputType.srv[0m
[ 46%] [34m[1mGenerating EusLisp code from dsr_msgs/SetVelJRT.srv[0m
[ 46%] [34m[1mGenerating Javascript code from dsr_msgs/GetRTControlOutputVersionList.srv[0m
[ 46%] [34m[1mGenerating Lisp code from dsr_msgs/GetToolDigitalInput.srv[0m
[ 46%] [34m[1mGenerating EusLisp code from dsr_msgs/DrlResume.srv[0m
[ 46%] [34m[1mGenerating Python code from SRV dsr_msgs/SetRobotControl[0m
[ 46%] [34m[1mGenerating EusLisp code from dsr_msgs/SetAccXRT.srv[0m
[ 46%] [34m[1mGenerating Lisp code from dsr_msgs/GetRTControlInputDataList.srv[0m
[ 46%] [34m[1mGenerating Javascript code from dsr_msgs/ConfigCreateTool.srv[0m
[ 46%] [34m[1mGenerating EusLisp code from dsr_msgs/Robotiq2FMove.srv[0m
[ 46%] [34m[1mGenerating Javascript code from dsr_msgs/Robotiq2FClose.srv[0m
[ 46%] [34m[1mGenerating Lisp code from dsr_msgs/DrlStart.srv[0m
[ 46%] [34m[1mGenerating Lisp code from dsr_msgs/GetRTControlOutputVersionList.srv[0m
[ 46%] [34m[1mGenerating Python code from SRV dsr_msgs/Robotiq2FOpen[0m
[ 46%] [34m[1mGenerating EusLisp code from dsr_msgs/SetAccJRT.srv[0m
[ 46%] [34m[1mGenerating Javascript code from dsr_msgs/ConfigDeleteModbus.srv[0m
[ 46%] [34m[1mGenerating C++ code from dsr_msgs/GetControlMode.srv[0m
[ 46%] [34m[1mGenerating Javascript code from dsr_msgs/GetRTControlInputVersionList.srv[0m
[ 46%] [34m[1mGenerating Lisp code from dsr_msgs/ConfigCreateTool.srv[0m
[ 46%] [34m[1mGenerating Javascript code from dsr_msgs/GetRobotSystem.srv[0m
[ 46%] [34m[1mGenerating Javascript code from dsr_msgs/MoveHome.srv[0m
[ 46%] [34m[1mGenerating Lisp code from dsr_msgs/Robotiq2FClose.srv[0m
[ 46%] [34m[1mGenerating EusLisp code from dsr_msgs/GetUserCartCoord.srv[0m
[ 46%] [34m[1mGenerating Lisp code from dsr_msgs/GetRTControlInputVersionList.srv[0m
[ 47%] [34m[1mGenerating Python code from SRV dsr_msgs/SetCurrentTcp[0m
[ 47%] [34m[1mGenerating Lisp code from dsr_msgs/ConfigDeleteModbus.srv[0m
[ 48%] [34m[1mGenerating Javascript code from dsr_msgs/SetModbusOutput.srv[0m
[ 48%] [34m[1mGenerating EusLisp code from dsr_msgs/IsDoneBoltTightening.srv[0m
[ 48%] [34m[1mGenerating Python code from SRV dsr_msgs/MoveCircle[0m
[ 48%] [34m[1mGenerating Lisp code from dsr_msgs/GetRobotSystem.srv[0m
[ 48%] [34m[1mGenerating Javascript code from dsr_msgs/ChangeOperationSpeed.srv[0m
[ 50%] [34m[1mGenerating C++ code from dsr_msgs/GetExternalTorque.srv[0m
[ 50%] [34m[1mGenerating EusLisp code from dsr_msgs/GetModbusInput.srv[0m
[ 50%] [34m[1mGenerating Lisp code from dsr_msgs/MoveHome.srv[0m
[ 50%] [34m[1mGenerating EusLisp code from dsr_msgs/GetCurrentRotm.srv[0m
[ 50%] [34m[1mGenerating Javascript code from dsr_msgs/Trans.srv[0m
[ 50%] [34m[1mGenerating Lisp code from dsr_msgs/SetModbusOutput.srv[0m
[ 50%] [34m[1mGenerating Python code from SRV dsr_msgs/ParallelAxis1[0m
[ 50%] [34m[1mGenerating EusLisp code from dsr_msgs/GetDesiredPosx.srv[0m
[ 50%] [34m[1mGenerating Javascript code from dsr_msgs/ReleaseProtectiveStop.srv[0m
[ 50%] [34m[1mGenerating EusLisp code from dsr_msgs/SetSafeStopResetType.srv[0m
[ 50%] [34m[1mGenerating Lisp code from dsr_msgs/ChangeOperationSpeed.srv[0m
[ 50%] [34m[1mGenerating Javascript code from dsr_msgs/GetRobotState.srv[0m
[ 50%] [34m[1mGenerating Javascript code from dsr_msgs/CheckForceCondition.srv[0m
[ 50%] [34m[1mGenerating Lisp code from dsr_msgs/Trans.srv[0m
[ 50%] [34m[1mGenerating Javascript code from dsr_msgs/SetUserCartCoord3.srv[0m
[ 50%] [34m[1mGenerating EusLisp code from dsr_msgs/GetToolForce.srv[0m
[ 50%] [34m[1mGenerating Lisp code from dsr_msgs/ReleaseProtectiveStop.srv[0m
[ 51%] [34m[1mGenerating Javascript code from dsr_msgs/GetCurrentSolutionSpace.srv[0m
[ 51%] [34m[1mGenerating C++ code from dsr_msgs/SetCtrlBoxDigitalOutput.srv[0m
[ 51%] [34m[1mGenerating EusLisp code from dsr_msgs/ResetWorkpieceWeight.srv[0m
[ 51%] [34m[1mGenerating EusLisp code from dsr_msgs/SetCurrentTool.srv[0m
[ 52%] [34m[1mGenerating Python code from SRV dsr_msgs/MoveLine[0m
[ 53%] [34m[1mGenerating Lisp code from dsr_msgs/GetRobotState.srv[0m
[ 53%] [34m[1mGenerating Javascript code from dsr_msgs/StopRTControl.srv[0m
[ 53%] [34m[1mGenerating EusLisp code from dsr_msgs/GetDesiredVelx.srv[0m
[ 53%] [34m[1mGenerating Lisp code from dsr_msgs/CheckForceCondition.srv[0m
[ 54%] [34m[1mGenerating EusLisp code from dsr_msgs/CalcCoord.srv[0m
[ 54%] [34m[1mGenerating Javascript code from dsr_msgs/GetRobotMode.srv[0m
[ 54%] [34m[1mGenerating Lisp code from dsr_msgs/SetUserCartCoord3.srv[0m
[ 54%] [34m[1mGenerating Javascript code from dsr_msgs/MoveSpiral.srv[0m
[ 54%] [34m[1mGenerating Python code from SRV dsr_msgs/SetRobotMode[0m
[ 54%] [34m[1mGenerating EusLisp code from dsr_msgs/MoveResume.srv[0m
[ 54%] [34m[1mGenerating Python code from SRV dsr_msgs/ConfigDeleteTool[0m
[ 54%] [34m[1mGenerating Lisp code from dsr_msgs/GetCurrentSolutionSpace.srv[0m
[ 54%] [34m[1mGenerating Javascript code from dsr_msgs/GetOrientationError.srv[0m
[ 54%] [34m[1mGenerating C++ code from dsr_msgs/GetToolDigitalOutput.srv[0m
[ 54%] [34m[1mGenerating Lisp code from dsr_msgs/StopRTControl.srv[0m
[ 54%] [34m[1mGenerating EusLisp code from dsr_msgs/MoveSplineJoint.srv[0m
[ 54%] [34m[1mGenerating Javascript code from dsr_msgs/GetRobotSpeedMode.srv[0m
[ 54%] [34m[1mGenerating Lisp code from dsr_msgs/GetRobotMode.srv[0m
[ 54%] [34m[1mGenerating Lisp code from dsr_msgs/MoveSpiral.srv[0m
[ 54%] [34m[1mGenerating Javascript code from dsr_msgs/CheckPositionCondition.srv[0m
[ 54%] [34m[1mGenerating Python code from SRV dsr_msgs/SetSingularityHandling[0m
[ 54%] [34m[1mGenerating EusLisp code from dsr_msgs/MoveWait.srv[0m
[ 54%] [34m[1mGenerating Python code from SRV dsr_msgs/GetControlSpace[0m
[ 54%] [34m[1mGenerating Lisp code from dsr_msgs/GetOrientationError.srv[0m
[ 55%] [34m[1mGenerating Javascript code from dsr_msgs/ConfigCreateTcp.srv[0m
[ 55%] [34m[1mGenerating C++ code from dsr_msgs/SetCtrlBoxAnalogOutputType.srv[0m
[ 56%] [34m[1mGenerating Lisp code from dsr_msgs/GetRobotSpeedMode.srv[0m
[ 56%] [34m[1mGenerating EusLisp code from dsr_msgs/MoveStop.srv[0m
[ 56%] [34m[1mGenerating Javascript code from dsr_msgs/DisconnectRTControl.srv[0m
[ 56%] [34m[1mGenerating Lisp code from dsr_msgs/CheckPositionCondition.srv[0m
[ 56%] [34m[1mGenerating Lisp code from dsr_msgs/ConfigCreateTcp.srv[0m
[ 56%] [34m[1mGenerating Javascript code from dsr_msgs/SetRTControlInput.srv[0m
[ 56%] [34m[1mGenerating Python code from SRV dsr_msgs/EnableAlterMotion[0m
[ 56%] [34m[1mGenerating Python code from SRV dsr_msgs/SetRefCoord[0m
[ 56%] [34m[1mGenerating EusLisp code from dsr_msgs/IkinEx.srv[0m
[ 56%] [34m[1mGenerating Lisp code from dsr_msgs/DisconnectRTControl.srv[0m
[ 56%] [34m[1mGenerating Javascript code from dsr_msgs/Fkin.srv[0m
[ 56%] [34m[1mGenerating Javascript code from dsr_msgs/GetLastAlarm.srv[0m
[ 56%] [34m[1mGenerating Lisp code from dsr_msgs/SetRTControlInput.srv[0m
[ 56%] [34m[1mGenerating EusLisp code from dsr_msgs/DrlPause.srv[0m
[ 56%] [34m[1mGenerating Javascript code from dsr_msgs/SetRobotSpeedMode.srv[0m
[ 56%] [34m[1mGenerating C++ code from dsr_msgs/ConfigDeleteTcp.srv[0m
[ 57%] [34m[1mGenerating EusLisp code from dsr_msgs/CheckMotion.srv[0m
[ 58%] [34m[1mGenerating Python code from SRV dsr_msgs/SetStiffnessx[0m
[ 58%] [34m[1mGenerating Lisp code from dsr_msgs/Fkin.srv[0m
[ 58%] [34m[1mGenerating Javascript code from dsr_msgs/SetRobotSystem.srv[0m
[ 58%] [34m[1mGenerating Javascript code from dsr_msgs/GetCurrentToolFlangePosx.srv[0m
[ 58%] [34m[1mGenerating Lisp code from dsr_msgs/GetLastAlarm.srv[0m
[ 58%] [34m[1mGenerating C++ code from dsr_msgs/AlterMotion.srv[0m
[ 58%] [34m[1mGenerating EusLisp code from dsr_msgs/GetCtrlBoxDigitalInput.srv[0m
[ 59%] [34m[1mGenerating Javascript code from dsr_msgs/MoveSplineTask.srv[0m
[ 60%] [34m[1mGenerating Lisp code from dsr_msgs/SetRobotSpeedMode.srv[0m
[ 60%] [34m[1mGenerating Python code from SRV dsr_msgs/GetRTControlOutputDataList[0m
[ 60%] [34m[1mGenerating EusLisp code from dsr_msgs/GetToolDigitalInput.srv[0m
[ 60%] [34m[1mGenerating Lisp code from dsr_msgs/SetRobotSystem.srv[0m
[ 60%] [34m[1mGenerating Javascript code from dsr_msgs/DrlStop.srv[0m
[ 60%] [34m[1mGenerating EusLisp code from dsr_msgs/GetRTControlInputDataList.srv[0m
[ 60%] [34m[1mGenerating Javascript code from dsr_msgs/StartRTControl.srv[0m
[ 60%] [34m[1mGenerating Lisp code from dsr_msgs/GetCurrentToolFlangePosx.srv[0m
[ 60%] [34m[1mGenerating Lisp code from dsr_msgs/MoveSplineTask.srv[0m
[ 60%] [34m[1mGenerating Javascript code from dsr_msgs/CheckOrientationCondition2.srv[0m
[ 60%] [34m[1mGenerating Python code from SRV dsr_msgs/GetCurrentTcp[0m
[ 60%] [34m[1mGenerating EusLisp code from dsr_msgs/DrlStart.srv[0m
[ 60%] [34m[1mGenerating Lisp code from dsr_msgs/StartRTControl.srv[0m
[ 60%] [34m[1mGenerating Lisp code from dsr_msgs/DrlStop.srv[0m
[ 60%] [34m[1mGenerating Javascript code from dsr_msgs/GetWorkpieceWeight.srv[0m
[ 61%] [34m[1mGenerating C++ code from dsr_msgs/Jog.srv[0m
[ 61%] [34m[1mGenerating Javascript code from dsr_msgs/ConnectRTControl.srv[0m
[ 61%] [34m[1mGenerating Lisp code from dsr_msgs/CheckOrientationCondition2.srv[0m
[ 61%] [34m[1mGenerating EusLisp code from dsr_msgs/GetRTControlOutputVersionList.srv[0m
[ 61%] [34m[1mGenerating Javascript code from dsr_msgs/GetDesiredVelj.srv[0m
[ 62%] [34m[1mGenerating Javascript code from dsr_msgs/GetCurrentPosx.srv[0m
[ 62%] [34m[1mGenerating Lisp code from dsr_msgs/GetWorkpieceWeight.srv[0m
[ 62%] [34m[1mGenerating Python code from SRV dsr_msgs/MoveBlending[0m
[ 62%] [34m[1mGenerating Python code from SRV dsr_msgs/CheckOrientationCondition1[0m
[ 62%] [34m[1mGenerating EusLisp code from dsr_msgs/ConfigCreateTool.srv[0m
[ 62%] [34m[1mGenerating Javascript code from dsr_msgs/ReleaseComplianceCtrl.srv[0m
[ 63%] [34m[1mGenerating Lisp code from dsr_msgs/ConnectRTControl.srv[0m
[ 64%] [34m[1mGenerating EusLisp code from dsr_msgs/Robotiq2FClose.srv[0m
[ 64%] [34m[1mGenerating EusLisp code from dsr_msgs/GetRTControlInputVersionList.srv[0m
[ 64%] [34m[1mGenerating Javascript code from dsr_msgs/MovePause.srv[0m
[ 64%] [34m[1mGenerating Lisp code from dsr_msgs/GetDesiredVelj.srv[0m
[ 64%] [34m[1mGenerating EusLisp code from dsr_msgs/ConfigDeleteModbus.srv[0m
[ 64%] [34m[1mGenerating Javascript code from dsr_msgs/SetToolDigitalOutput.srv[0m
[ 64%] [34m[1mGenerating Python code from SRV dsr_msgs/AlignAxis1[0m
[ 64%] [34m[1mGenerating C++ code from dsr_msgs/AlignAxis2.srv[0m
[ 64%] [34m[1mGenerating Lisp code from dsr_msgs/GetCurrentPosx.srv[0m
[ 64%] [34m[1mGenerating Javascript code from dsr_msgs/SerialSendData.srv[0m
[ 64%] [34m[1mGenerating Lisp code from dsr_msgs/ReleaseComplianceCtrl.srv[0m
[ 64%] [34m[1mGenerating EusLisp code from dsr_msgs/GetRobotSystem.srv[0m
[ 64%] [34m[1mGenerating Lisp code from dsr_msgs/MovePause.srv[0m
[ 64%] [34m[1mGenerating Lisp code from dsr_msgs/SetToolDigitalOutput.srv[0m
[ 64%] [34m[1mGenerating Javascript code from dsr_msgs/OverwriteUserCartCoord.srv[0m
[ 64%] [34m[1mGenerating Lisp code from dsr_msgs/SerialSendData.srv[0m
[ 64%] [34m[1mGenerating EusLisp code from dsr_msgs/MoveHome.srv[0m
[ 64%] [34m[1mGenerating Javascript code from dsr_msgs/GetCurrentVelx.srv[0m
[ 64%] [34m[1mGenerating Python code from SRV dsr_msgs/SetVelXRT[0m
[ 64%] [34m[1mGenerating Python code from SRV dsr_msgs/GetCtrlBoxDigitalOutput[0m
[ 65%] [34m[1mGenerating Lisp code from dsr_msgs/OverwriteUserCartCoord.srv[0m
[ 65%] [34m[1mGenerating Javascript code from dsr_msgs/SetToolShape.srv[0m
[ 65%] [34m[1mGenerating EusLisp code from dsr_msgs/SetModbusOutput.srv[0m
[ 65%] [34m[1mGenerating Lisp code from dsr_msgs/GetCurrentVelx.srv[0m
[ 66%] [34m[1mGenerating Javascript code from dsr_msgs/GetSolutionSpace.srv[0m
[ 66%] [34m[1mGenerating C++ code from dsr_msgs/TaskComplianceCtrl.srv[0m
[ 66%] [34m[1mGenerating Lisp code from dsr_msgs/SetToolShape.srv[0m
[ 67%] [34m[1mGenerating Python code from SRV dsr_msgs/SetDesiredForce[0m
[ 67%] [34m[1mGenerating EusLisp code from dsr_msgs/ChangeOperationSpeed.srv[0m
[ 67%] [34m[1mGenerating Lisp code from dsr_msgs/GetSolutionSpace.srv[0m
[ 67%] [34m[1mGenerating Javascript code from dsr_msgs/MovePeriodic.srv[0m
[ 67%] [34m[1mGenerating Javascript code from dsr_msgs/Ikin.srv[0m
[ 67%] [34m[1mGenerating Lisp code from dsr_msgs/MovePeriodic.srv[0m
[ 67%] [34m[1mGenerating Javascript code from dsr_msgs/GetCtrlBoxAnalogInput.srv[0m
[ 68%] [34m[1mGenerating EusLisp code from dsr_msgs/Trans.srv[0m
[ 68%] [34m[1mGenerating C++ code from dsr_msgs/SetCtrlBoxAnalogOutput.srv[0m
[ 68%] [34m[1mGenerating Lisp code from dsr_msgs/Ikin.srv[0m
[ 68%] [34m[1mGenerating Javascript code from dsr_msgs/DisableAlterMotion.srv[0m
[ 68%] [34m[1mGenerating Python code from SRV dsr_msgs/GetJointTorque[0m
[ 68%] [34m[1mGenerating EusLisp code from dsr_msgs/ReleaseProtectiveStop.srv[0m
[ 68%] Built target dsr_msgs_generate_messages_nodejs
[ 69%] [34m[1mGenerating Lisp code from dsr_msgs/DisableAlterMotion.srv[0m
[ 69%] [34m[1mGenerating Lisp code from dsr_msgs/GetCtrlBoxAnalogInput.srv[0m
[ 69%] [34m[1mGenerating C++ code from dsr_msgs/ManageAccessControl.srv[0m
[ 69%] [34m[1mGenerating C++ code from dsr_msgs/SetRobotControl.srv[0m
[ 69%] [34m[1mGenerating EusLisp code from dsr_msgs/GetRobotState.srv[0m
[ 69%] Built target dsr_msgs_generate_messages_lisp
[ 69%] [34m[1mGenerating EusLisp code from dsr_msgs/CheckForceCondition.srv[0m
[ 69%] [34m[1mGenerating Python code from SRV dsr_msgs/GetCurrentPose[0m
[ 69%] [34m[1mGenerating EusLisp code from dsr_msgs/SetUserCartCoord3.srv[0m
[ 69%] [34m[1mGenerating EusLisp code from dsr_msgs/GetCurrentSolutionSpace.srv[0m
[ 69%] [34m[1mGenerating C++ code from dsr_msgs/Robotiq2FOpen.srv[0m
[ 69%] [34m[1mGenerating EusLisp code from dsr_msgs/StopRTControl.srv[0m
[ 69%] [34m[1mGenerating EusLisp code from dsr_msgs/GetRobotMode.srv[0m
[ 69%] [34m[1mGenerating Python code from SRV dsr_msgs/ReleaseForce[0m
[ 69%] [34m[1mGenerating Python code from SRV dsr_msgs/WriteDataRT[0m
[ 70%] [34m[1mGenerating C++ code from dsr_msgs/SetCurrentTcp.srv[0m
[ 71%] [34m[1mGenerating EusLisp code from dsr_msgs/MoveSpiral.srv[0m
[ 71%] [34m[1mGenerating Python code from SRV dsr_msgs/GetDrlState[0m
[ 71%] [34m[1mGenerating EusLisp code from dsr_msgs/GetOrientationError.srv[0m
[ 71%] [34m[1mGenerating Python code from SRV dsr_msgs/SetRTControlOutput[0m
[ 72%] [34m[1mGenerating Python code from SRV dsr_msgs/SetCtrlBoxAnalogInputType[0m
[ 72%] [34m[1mGenerating C++ code from dsr_msgs/MoveCircle.srv[0m
[ 72%] [34m[1mGenerating EusLisp code from dsr_msgs/GetRobotSpeedMode.srv[0m
[ 72%] [34m[1mGenerating C++ code from dsr_msgs/ParallelAxis1.srv[0m
[ 72%] [34m[1mGenerating Python code from SRV dsr_msgs/SetVelJRT[0m
[ 72%] [34m[1mGenerating EusLisp code from dsr_msgs/CheckPositionCondition.srv[0m
[ 72%] [34m[1mGenerating EusLisp code from dsr_msgs/ConfigCreateTcp.srv[0m
[ 72%] [34m[1mGenerating EusLisp code from dsr_msgs/DisconnectRTControl.srv[0m
[ 72%] [34m[1mGenerating C++ code from dsr_msgs/MoveLine.srv[0m
[ 72%] [34m[1mGenerating C++ code from dsr_msgs/SetRobotMode.srv[0m
[ 72%] [34m[1mGenerating Python code from SRV dsr_msgs/DrlResume[0m
[ 72%] [34m[1mGenerating EusLisp code from dsr_msgs/SetRTControlInput.srv[0m
[ 73%] [34m[1mGenerating EusLisp code from dsr_msgs/Fkin.srv[0m
[ 73%] [34m[1mGenerating Python code from SRV dsr_msgs/SetAccXRT[0m
[ 73%] [34m[1mGenerating EusLisp code from dsr_msgs/GetLastAlarm.srv[0m
[ 73%] [34m[1mGenerating Python code from SRV dsr_msgs/Robotiq2FMove[0m
[ 73%] [34m[1mGenerating Python code from SRV dsr_msgs/SetAccJRT[0m
[ 73%] [34m[1mGenerating EusLisp code from dsr_msgs/SetRobotSpeedMode.srv[0m
[ 73%] [34m[1mGenerating C++ code from dsr_msgs/ConfigDeleteTool.srv[0m
[ 73%] [34m[1mGenerating EusLisp code from dsr_msgs/SetRobotSystem.srv[0m
[ 73%] [34m[1mGenerating EusLisp code from dsr_msgs/GetCurrentToolFlangePosx.srv[0m
[ 73%] [34m[1mGenerating Python code from SRV dsr_msgs/GetUserCartCoord[0m
[ 73%] [34m[1mGenerating EusLisp code from dsr_msgs/MoveSplineTask.srv[0m
[ 73%] [34m[1mGenerating Python code from SRV dsr_msgs/IsDoneBoltTightening[0m
[ 73%] [34m[1mGenerating EusLisp code from dsr_msgs/StartRTControl.srv[0m
[ 73%] [34m[1mGenerating EusLisp code from dsr_msgs/DrlStop.srv[0m
[ 73%] [34m[1mGenerating C++ code from dsr_msgs/SetSingularityHandling.srv[0m
[ 73%] [34m[1mGenerating C++ code from dsr_msgs/GetControlSpace.srv[0m
[ 74%] [34m[1mGenerating EusLisp code from dsr_msgs/CheckOrientationCondition2.srv[0m
[ 74%] [34m[1mGenerating EusLisp code from dsr_msgs/GetWorkpieceWeight.srv[0m
[ 75%] [34m[1mGenerating Python code from SRV dsr_msgs/GetModbusInput[0m
[ 75%] [34m[1mGenerating Python code from SRV dsr_msgs/GetCurrentRotm[0m
[ 75%] [34m[1mGenerating EusLisp code from dsr_msgs/GetDesiredVelj.srv[0m
[ 75%] [34m[1mGenerating EusLisp code from dsr_msgs/ConnectRTControl.srv[0m
[ 75%] [34m[1mGenerating EusLisp code from dsr_msgs/GetCurrentPosx.srv[0m
[ 75%] [34m[1mGenerating Python code from SRV dsr_msgs/GetDesiredPosx[0m
[ 75%] [34m[1mGenerating EusLisp code from dsr_msgs/ReleaseComplianceCtrl.srv[0m
[ 75%] [34m[1mGenerating EusLisp code from dsr_msgs/MovePause.srv[0m
[ 76%] [34m[1mGenerating EusLisp code from dsr_msgs/SetToolDigitalOutput.srv[0m
[ 76%] [34m[1mGenerating EusLisp code from dsr_msgs/SerialSendData.srv[0m
[ 77%] [34m[1mGenerating C++ code from dsr_msgs/EnableAlterMotion.srv[0m
[ 77%] [34m[1mGenerating C++ code from dsr_msgs/SetRefCoord.srv[0m
[ 77%] [34m[1mGenerating EusLisp code from dsr_msgs/OverwriteUserCartCoord.srv[0m
[ 77%] [34m[1mGenerating EusLisp code from dsr_msgs/GetCurrentVelx.srv[0m
[ 77%] [34m[1mGenerating EusLisp code from dsr_msgs/SetToolShape.srv[0m
[ 77%] [34m[1mGenerating EusLisp code from dsr_msgs/GetSolutionSpace.srv[0m
[ 77%] [34m[1mGenerating EusLisp code from dsr_msgs/MovePeriodic.srv[0m
[ 77%] [34m[1mGenerating EusLisp code from dsr_msgs/Ikin.srv[0m
[ 77%] [34m[1mGenerating Python code from SRV dsr_msgs/SetSafeStopResetType[0m
[ 78%] [34m[1mGenerating EusLisp code from dsr_msgs/GetCtrlBoxAnalogInput.srv[0m
[ 78%] [34m[1mGenerating EusLisp code from dsr_msgs/DisableAlterMotion.srv[0m
[ 78%] [34m[1mGenerating C++ code from dsr_msgs/SetStiffnessx.srv[0m
[ 78%] [34m[1mGenerating C++ code from dsr_msgs/GetRTControlOutputDataList.srv[0m
[ 78%] [34m[1mGenerating EusLisp manifest code for dsr_msgs[0m
[ 78%] [34m[1mGenerating C++ code from dsr_msgs/GetCurrentTcp.srv[0m
[ 78%] [34m[1mGenerating C++ code from dsr_msgs/MoveBlending.srv[0m
[ 78%] [34m[1mGenerating Python code from SRV dsr_msgs/GetToolForce[0m
[ 78%] [34m[1mGenerating Python code from SRV dsr_msgs/ResetWorkpieceWeight[0m
[ 79%] [34m[1mGenerating C++ code from dsr_msgs/AlignAxis1.srv[0m
[ 79%] [34m[1mGenerating C++ code from dsr_msgs/CheckOrientationCondition1.srv[0m
[ 79%] [34m[1mGenerating Python code from SRV dsr_msgs/SetCurrentTool[0m
[ 79%] [34m[1mGenerating C++ code from dsr_msgs/SetVelXRT.srv[0m
[ 80%] [34m[1mGenerating Python code from SRV dsr_msgs/CalcCoord[0m
[ 80%] [34m[1mGenerating C++ code from dsr_msgs/GetCtrlBoxDigitalOutput.srv[0m
[ 80%] [34m[1mGenerating C++ code from dsr_msgs/SetDesiredForce.srv[0m
[ 80%] [34m[1mGenerating C++ code from dsr_msgs/GetJointTorque.srv[0m
[ 80%] [34m[1mGenerating Python code from SRV dsr_msgs/GetDesiredVelx[0m
[ 80%] [34m[1mGenerating C++ code from dsr_msgs/GetCurrentPose.srv[0m
[ 80%] [34m[1mGenerating C++ code from dsr_msgs/ReleaseForce.srv[0m
[ 81%] [34m[1mGenerating C++ code from dsr_msgs/WriteDataRT.srv[0m
[ 81%] [34m[1mGenerating C++ code from dsr_msgs/GetDrlState.srv[0m
[ 81%] [34m[1mGenerating C++ code from dsr_msgs/SetRTControlOutput.srv[0m
[ 81%] [34m[1mGenerating Python code from SRV dsr_msgs/MoveResume[0m
[ 81%] [34m[1mGenerating Python code from SRV dsr_msgs/MoveSplineJoint[0m
[ 81%] [34m[1mGenerating C++ code from dsr_msgs/SetCtrlBoxAnalogInputType.srv[0m
[ 81%] [34m[1mGenerating Python code from SRV dsr_msgs/MoveWait[0m
[ 81%] [34m[1mGenerating Python code from SRV dsr_msgs/MoveStop[0m
[ 81%] [34m[1mGenerating C++ code from dsr_msgs/SetVelJRT.srv[0m
[ 81%] [34m[1mGenerating C++ code from dsr_msgs/DrlResume.srv[0m
[ 81%] [34m[1mGenerating Python code from SRV dsr_msgs/IkinEx[0m
[ 81%] [34m[1mGenerating C++ code from dsr_msgs/SetAccXRT.srv[0m
[ 81%] [34m[1mGenerating Python code from SRV dsr_msgs/DrlPause[0m
[ 81%] [34m[1mGenerating C++ code from dsr_msgs/Robotiq2FMove.srv[0m
[ 82%] [34m[1mGenerating Python code from SRV dsr_msgs/CheckMotion[0m
[ 82%] [34m[1mGenerating Python code from SRV dsr_msgs/GetCtrlBoxDigitalInput[0m
[ 83%] [34m[1mGenerating C++ code from dsr_msgs/SetAccJRT.srv[0m
[ 83%] [34m[1mGenerating Python code from SRV dsr_msgs/GetToolDigitalInput[0m
[ 83%] [34m[1mGenerating C++ code from dsr_msgs/GetUserCartCoord.srv[0m
[ 83%] [34m[1mGenerating C++ code from dsr_msgs/GetModbusInput.srv[0m
[ 83%] [34m[1mGenerating C++ code from dsr_msgs/IsDoneBoltTightening.srv[0m
[ 83%] [34m[1mGenerating C++ code from dsr_msgs/GetCurrentRotm.srv[0m
[ 83%] [34m[1mGenerating Python code from SRV dsr_msgs/GetRTControlInputDataList[0m
[ 83%] [34m[1mGenerating C++ code from dsr_msgs/GetDesiredPosx.srv[0m
[ 83%] [34m[1mGenerating Python code from SRV dsr_msgs/DrlStart[0m
[ 83%] [34m[1mGenerating Python code from SRV dsr_msgs/GetRTControlOutputVersionList[0m
[ 83%] [34m[1mGenerating C++ code from dsr_msgs/SetSafeStopResetType.srv[0m
[ 84%] [34m[1mGenerating C++ code from dsr_msgs/GetToolForce.srv[0m
[ 84%] [34m[1mGenerating C++ code from dsr_msgs/ResetWorkpieceWeight.srv[0m
[ 84%] [34m[1mGenerating Python code from SRV dsr_msgs/ConfigCreateTool[0m
[ 85%] [34m[1mGenerating Python code from SRV dsr_msgs/Robotiq2FClose[0m
[ 85%] [34m[1mGenerating Python code from SRV dsr_msgs/GetRTControlInputVersionList[0m
[ 85%] [34m[1mGenerating Python code from SRV dsr_msgs/ConfigDeleteModbus[0m
[ 85%] [34m[1mGenerating C++ code from dsr_msgs/SetCurrentTool.srv[0m
[ 85%] [34m[1mGenerating Python code from SRV dsr_msgs/GetRobotSystem[0m
[ 85%] [34m[1mGenerating C++ code from dsr_msgs/CalcCoord.srv[0m
[ 85%] [34m[1mGenerating Python code from SRV dsr_msgs/MoveHome[0m
[ 85%] [34m[1mGenerating C++ code from dsr_msgs/GetDesiredVelx.srv[0m
[ 85%] [34m[1mGenerating C++ code from dsr_msgs/MoveResume.srv[0m
[ 85%] [34m[1mGenerating Python code from SRV dsr_msgs/SetModbusOutput[0m
[ 85%] [34m[1mGenerating Python code from SRV dsr_msgs/ChangeOperationSpeed[0m
[ 86%] [34m[1mGenerating Python code from SRV dsr_msgs/Trans[0m
[ 86%] [34m[1mGenerating Python code from SRV dsr_msgs/ReleaseProtectiveStop[0m
[ 86%] [34m[1mGenerating C++ code from dsr_msgs/MoveSplineJoint.srv[0m
[ 86%] [34m[1mGenerating C++ code from dsr_msgs/MoveWait.srv[0m
[ 86%] [34m[1mGenerating Python code from SRV dsr_msgs/GetRobotState[0m
[ 86%] [34m[1mGenerating Python code from SRV dsr_msgs/CheckForceCondition[0m
[ 87%] [34m[1mGenerating C++ code from dsr_msgs/MoveStop.srv[0m
[ 87%] [34m[1mGenerating Python code from SRV dsr_msgs/SetUserCartCoord3[0m
[ 87%] [34m[1mGenerating Python code from SRV dsr_msgs/GetCurrentSolutionSpace[0m
[ 87%] [34m[1mGenerating Python code from SRV dsr_msgs/StopRTControl[0m
[ 88%] [34m[1mGenerating Python code from SRV dsr_msgs/MoveSpiral[0m
[ 88%] [34m[1mGenerating Python code from SRV dsr_msgs/GetRobotMode[0m
[ 88%] [34m[1mGenerating Python code from SRV dsr_msgs/GetOrientationError[0m
[ 88%] [34m[1mGenerating C++ code from dsr_msgs/IkinEx.srv[0m
[ 88%] Built target dsr_msgs_generate_messages_eus
[ 88%] [34m[1mGenerating C++ code from dsr_msgs/DrlPause.srv[0m
[ 88%] [34m[1mGenerating Python code from SRV dsr_msgs/GetRobotSpeedMode[0m
[ 88%] [34m[1mGenerating C++ code from dsr_msgs/CheckMotion.srv[0m
[ 88%] [34m[1mGenerating Python code from SRV dsr_msgs/ConfigCreateTcp[0m
[ 88%] [34m[1mGenerating Python code from SRV dsr_msgs/CheckPositionCondition[0m
[ 88%] [34m[1mGenerating C++ code from dsr_msgs/GetToolDigitalInput.srv[0m
[ 88%] [34m[1mGenerating C++ code from dsr_msgs/GetCtrlBoxDigitalInput.srv[0m
[ 88%] [34m[1mGenerating C++ code from dsr_msgs/GetRTControlInputDataList.srv[0m
[ 89%] [34m[1mGenerating C++ code from dsr_msgs/DrlStart.srv[0m
[ 89%] [34m[1mGenerating Python code from SRV dsr_msgs/DisconnectRTControl[0m
[ 89%] [34m[1mGenerating C++ code from dsr_msgs/GetRTControlOutputVersionList.srv[0m
[ 89%] [34m[1mGenerating Python code from SRV dsr_msgs/SetRTControlInput[0m
[ 90%] [34m[1mGenerating Python code from SRV dsr_msgs/Fkin[0m
[ 90%] [34m[1mGenerating C++ code from dsr_msgs/ConfigCreateTool.srv[0m
[ 90%] [34m[1mGenerating Python code from SRV dsr_msgs/GetLastAlarm[0m
[ 90%] [34m[1mGenerating C++ code from dsr_msgs/Robotiq2FClose.srv[0m
[ 90%] [34m[1mGenerating C++ code from dsr_msgs/GetRTControlInputVersionList.srv[0m
[ 90%] [34m[1mGenerating C++ code from dsr_msgs/ConfigDeleteModbus.srv[0m
[ 90%] [34m[1mGenerating Python code from SRV dsr_msgs/SetRobotSpeedMode[0m
[ 90%] [34m[1mGenerating Python code from SRV dsr_msgs/SetRobotSystem[0m
[ 90%] [34m[1mGenerating Python code from SRV dsr_msgs/GetCurrentToolFlangePosx[0m
[ 90%] [34m[1mGenerating C++ code from dsr_msgs/GetRobotSystem.srv[0m
[ 90%] [34m[1mGenerating Python code from SRV dsr_msgs/MoveSplineTask[0m
[ 90%] [34m[1mGenerating C++ code from dsr_msgs/MoveHome.srv[0m
[ 90%] [34m[1mGenerating Python code from SRV dsr_msgs/DrlStop[0m
[ 91%] [34m[1mGenerating C++ code from dsr_msgs/SetModbusOutput.srv[0m
[ 91%] [34m[1mGenerating C++ code from dsr_msgs/ChangeOperationSpeed.srv[0m
[ 91%] [34m[1mGenerating Python code from SRV dsr_msgs/StartRTControl[0m
[ 91%] [34m[1mGenerating C++ code from dsr_msgs/Trans.srv[0m
[ 92%] [34m[1mGenerating Python code from SRV dsr_msgs/CheckOrientationCondition2[0m
[ 92%] [34m[1mGenerating Python code from SRV dsr_msgs/GetWorkpieceWeight[0m
[ 92%] [34m[1mGenerating Python code from SRV dsr_msgs/ConnectRTControl[0m
[ 92%] [34m[1mGenerating Python code from SRV dsr_msgs/GetDesiredVelj[0m
[ 92%] [34m[1mGenerating C++ code from dsr_msgs/ReleaseProtectiveStop.srv[0m
[ 92%] [34m[1mGenerating Python code from SRV dsr_msgs/GetCurrentPosx[0m
[ 92%] [34m[1mGenerating C++ code from dsr_msgs/GetRobotState.srv[0m
[ 92%] [34m[1mGenerating C++ code from dsr_msgs/CheckForceCondition.srv[0m
[ 92%] [34m[1mGenerating C++ code from dsr_msgs/SetUserCartCoord3.srv[0m
[ 93%] [34m[1mGenerating C++ code from dsr_msgs/GetCurrentSolutionSpace.srv[0m
[ 93%] [34m[1mGenerating Python code from SRV dsr_msgs/ReleaseComplianceCtrl[0m
[ 93%] [34m[1mGenerating C++ code from dsr_msgs/StopRTControl.srv[0m
[ 93%] [34m[1mGenerating Python code from SRV dsr_msgs/MovePause[0m
[ 94%] [34m[1mGenerating Python code from SRV dsr_msgs/SetToolDigitalOutput[0m
[ 94%] [34m[1mGenerating C++ code from dsr_msgs/GetRobotMode.srv[0m
[ 94%] [34m[1mGenerating Python code from SRV dsr_msgs/OverwriteUserCartCoord[0m
[ 94%] [34m[1mGenerating Python code from SRV dsr_msgs/SerialSendData[0m
[ 94%] [34m[1mGenerating C++ code from dsr_msgs/MoveSpiral.srv[0m
[ 94%] [34m[1mGenerating Python code from SRV dsr_msgs/GetCurrentVelx[0m
[ 94%] [34m[1mGenerating C++ code from dsr_msgs/GetOrientationError.srv[0m
[ 94%] [34m[1mGenerating Python code from SRV dsr_msgs/SetToolShape[0m
[ 94%] [34m[1mGenerating Python code from SRV dsr_msgs/GetSolutionSpace[0m
[ 94%] [34m[1mGenerating Python code from SRV dsr_msgs/Ikin[0m
[ 94%] [34m[1mGenerating Python code from SRV dsr_msgs/MovePeriodic[0m
[ 95%] [34m[1mGenerating Python code from SRV dsr_msgs/GetCtrlBoxAnalogInput[0m
[ 95%] [34m[1mGenerating C++ code from dsr_msgs/GetRobotSpeedMode.srv[0m
[ 95%] [34m[1mGenerating Python code from SRV dsr_msgs/DisableAlterMotion[0m
[ 95%] [34m[1mGenerating C++ code from dsr_msgs/CheckPositionCondition.srv[0m
[ 95%] [34m[1mGenerating C++ code from dsr_msgs/ConfigCreateTcp.srv[0m
[ 96%] [34m[1mGenerating C++ code from dsr_msgs/DisconnectRTControl.srv[0m
[ 96%] [34m[1mGenerating C++ code from dsr_msgs/SetRTControlInput.srv[0m
[ 96%] [34m[1mGenerating C++ code from dsr_msgs/Fkin.srv[0m
[ 96%] [34m[1mGenerating C++ code from dsr_msgs/GetLastAlarm.srv[0m
[ 96%] [34m[1mGenerating Python msg __init__.py for dsr_msgs[0m
[ 96%] [34m[1mGenerating C++ code from dsr_msgs/SetRobotSpeedMode.srv[0m
[ 96%] [34m[1mGenerating C++ code from dsr_msgs/SetRobotSystem.srv[0m
[ 96%] [34m[1mGenerating C++ code from dsr_msgs/GetCurrentToolFlangePosx.srv[0m
[ 96%] [34m[1mGenerating Python srv __init__.py for dsr_msgs[0m
[ 97%] [34m[1mGenerating C++ code from dsr_msgs/MoveSplineTask.srv[0m
[ 97%] [34m[1mGenerating C++ code from dsr_msgs/DrlStop.srv[0m
[ 97%] [34m[1mGenerating C++ code from dsr_msgs/StartRTControl.srv[0m
[ 97%] [34m[1mGenerating C++ code from dsr_msgs/CheckOrientationCondition2.srv[0m
[ 97%] Built target dsr_msgs_generate_messages_py
[ 97%] [34m[1mGenerating C++ code from dsr_msgs/GetWorkpieceWeight.srv[0m
[ 97%] [34m[1mGenerating C++ code from dsr_msgs/ConnectRTControl.srv[0m
[ 97%] [34m[1mGenerating C++ code from dsr_msgs/GetDesiredVelj.srv[0m
[ 98%] [34m[1mGenerating C++ code from dsr_msgs/GetCurrentPosx.srv[0m
[ 98%] [34m[1mGenerating C++ code from dsr_msgs/ReleaseComplianceCtrl.srv[0m
[ 98%] [34m[1mGenerating C++ code from dsr_msgs/MovePause.srv[0m
[ 98%] [34m[1mGenerating C++ code from dsr_msgs/SetToolDigitalOutput.srv[0m
[ 98%] [34m[1mGenerating C++ code from dsr_msgs/SerialSendData.srv[0m
[ 98%] [34m[1mGenerating C++ code from dsr_msgs/OverwriteUserCartCoord.srv[0m
[ 98%] [34m[1mGenerating C++ code from dsr_msgs/GetCurrentVelx.srv[0m
[ 98%] [34m[1mGenerating C++ code from dsr_msgs/SetToolShape.srv[0m
[100%] [34m[1mGenerating C++ code from dsr_msgs/GetSolutionSpace.srv[0m
[100%] [34m[1mGenerating C++ code from dsr_msgs/MovePeriodic.srv[0m
[100%] [34m[1mGenerating C++ code from dsr_msgs/Ikin.srv[0m
[100%] [34m[1mGenerating C++ code from dsr_msgs/GetCtrlBoxAnalogInput.srv[0m
[100%] [34m[1mGenerating C++ code from dsr_msgs/DisableAlterMotion.srv[0m
[100%] Built target dsr_msgs_generate_messages_cpp
[35m[1mScanning dependencies of target dsr_msgs_generate_messages[0m
[100%] Built target dsr_msgs_generate_messages
