[01m[K/home/user/catkin_ws/src/fanuc/moveit_cfgs/fanuc_m20ib_moveit_plugins/m20ib25_kinematics/src/fanuc_m20ib25_manipulator_ikfast_moveit_plugin.cpp:[m[K In member function '[01m[Kvirtual bool ikfast_kinematics_plugin::IKFastKinematicsPlugin::initialize(const string&, const string&, const string&, const string&, double)[m[K':
[01m[K/home/user/catkin_ws/src/fanuc/moveit_cfgs/fanuc_m20ib_moveit_plugins/m20ib25_kinematics/src/fanuc_m20ib25_manipulator_ikfast_moveit_plugin.cpp:342:86:[m[K [01;35m[Kwarning: [m[K'[01m[Kvirtual void kinematics::KinematicsBase::setValues(const string&, const string&, const string&, const string&, double)[m[K' is deprecated [[01;35m[K-Wdeprecated-declarations[m[K]
   setValues(robot_description, group_name, base_name, tip_name, search_discretization[01;35m[K)[m[K;
                                                                                      [01;35m[K^[m[K
In file included from [01m[K/home/user/catkin_ws/src/fanuc/moveit_cfgs/fanuc_m20ib_moveit_plugins/m20ib25_kinematics/src/fanuc_m20ib25_manipulator_ikfast_moveit_plugin.cpp:50:0[m[K:
[01m[K/opt/ros/melodic/include/moveit/kinematics_base/kinematics_base.h:344:31:[m[K [01;36m[Knote: [m[Kdeclared here
   [[deprecated]] virtual void [01;36m[KsetValues[m[K(const std::string& robot_description, const std::string& group_name,
                               [01;36m[K^~~~~~~~~[m[K
[01m[K/home/user/catkin_ws/src/fanuc/moveit_cfgs/fanuc_m20ib_moveit_plugins/m20ib25_kinematics/src/fanuc_m20ib25_manipulator_ikfast_moveit_plugin.cpp:[m[K In member function '[01m[Kvirtual bool ikfast_kinematics_plugin::IKFastKinematicsPlugin::searchPositionIK(const Pose&, const std::vector<double>&, double, const std::vector<double>&, std::vector<double>&, const IKCallbackFn&, moveit_msgs::MoveItErrorCodes&, const kinematics::KinematicsQueryOptions&) const[m[K':
[01m[K/home/user/catkin_ws/src/fanuc/moveit_cfgs/fanuc_m20ib_moveit_plugins/m20ib25_kinematics/src/fanuc_m20ib25_manipulator_ikfast_moveit_plugin.cpp:950:67:[m[K [01;35m[Kwarning: [m[K'[01m[Kkinematics::KinematicsBase::search_discretization_[m[K' is deprecated [[01;35m[K-Wdeprecated-declarations[m[K]
     num_positive_increments = (int)((max_limit - initial_guess) / [01;35m[Ksearch_discretization_[m[K);
                                                                   [01;35m[K^~~~~~~~~~~~~~~~~~~~~~[m[K
In file included from [01m[K/home/user/catkin_ws/src/fanuc/moveit_cfgs/fanuc_m20ib_moveit_plugins/m20ib25_kinematics/src/fanuc_m20ib25_manipulator_ikfast_moveit_plugin.cpp:50:0[m[K:
[01m[K/opt/ros/melodic/include/moveit/kinematics_base/kinematics_base.h:597:25:[m[K [01;36m[Knote: [m[Kdeclared here
   [[deprecated]] double [01;36m[Ksearch_discretization_[m[K;
                         [01;36m[K^~~~~~~~~~~~~~~~~~~~~~[m[K
[01m[K/home/user/catkin_ws/src/fanuc/moveit_cfgs/fanuc_m20ib_moveit_plugins/m20ib25_kinematics/src/fanuc_m20ib25_manipulator_ikfast_moveit_plugin.cpp:950:67:[m[K [01;35m[Kwarning: [m[K'[01m[Kkinematics::KinematicsBase::search_discretization_[m[K' is deprecated [[01;35m[K-Wdeprecated-declarations[m[K]
     num_positive_increments = (int)((max_limit - initial_guess) / [01;35m[Ksearch_discretization_[m[K);
                                                                   [01;35m[K^~~~~~~~~~~~~~~~~~~~~~[m[K
In file included from [01m[K/home/user/catkin_ws/src/fanuc/moveit_cfgs/fanuc_m20ib_moveit_plugins/m20ib25_kinematics/src/fanuc_m20ib25_manipulator_ikfast_moveit_plugin.cpp:50:0[m[K:
[01m[K/opt/ros/melodic/include/moveit/kinematics_base/kinematics_base.h:597:25:[m[K [01;36m[Knote: [m[Kdeclared here
   [[deprecated]] double [01;36m[Ksearch_discretization_[m[K;
                         [01;36m[K^~~~~~~~~~~~~~~~~~~~~~[m[K
[01m[K/home/user/catkin_ws/src/fanuc/moveit_cfgs/fanuc_m20ib_moveit_plugins/m20ib25_kinematics/src/fanuc_m20ib25_manipulator_ikfast_moveit_plugin.cpp:951:67:[m[K [01;35m[Kwarning: [m[K'[01m[Kkinematics::KinematicsBase::search_discretization_[m[K' is deprecated [[01;35m[K-Wdeprecated-declarations[m[K]
     num_negative_increments = (int)((initial_guess - min_limit) / [01;35m[Ksearch_discretization_[m[K);
                                                                   [01;35m[K^~~~~~~~~~~~~~~~~~~~~~[m[K
In file included from [01m[K/home/user/catkin_ws/src/fanuc/moveit_cfgs/fanuc_m20ib_moveit_plugins/m20ib25_kinematics/src/fanuc_m20ib25_manipulator_ikfast_moveit_plugin.cpp:50:0[m[K:
[01m[K/opt/ros/melodic/include/moveit/kinematics_base/kinematics_base.h:597:25:[m[K [01;36m[Knote: [m[Kdeclared here
   [[deprecated]] double [01;36m[Ksearch_discretization_[m[K;
                         [01;36m[K^~~~~~~~~~~~~~~~~~~~~~[m[K
[01m[K/home/user/catkin_ws/src/fanuc/moveit_cfgs/fanuc_m20ib_moveit_plugins/m20ib25_kinematics/src/fanuc_m20ib25_manipulator_ikfast_moveit_plugin.cpp:951:67:[m[K [01;35m[Kwarning: [m[K'[01m[Kkinematics::KinematicsBase::search_discretization_[m[K' is deprecated [[01;35m[K-Wdeprecated-declarations[m[K]
     num_negative_increments = (int)((initial_guess - min_limit) / [01;35m[Ksearch_discretization_[m[K);
                                                                   [01;35m[K^~~~~~~~~~~~~~~~~~~~~~[m[K
In file included from [01m[K/home/user/catkin_ws/src/fanuc/moveit_cfgs/fanuc_m20ib_moveit_plugins/m20ib25_kinematics/src/fanuc_m20ib25_manipulator_ikfast_moveit_plugin.cpp:50:0[m[K:
[01m[K/opt/ros/melodic/include/moveit/kinematics_base/kinematics_base.h:597:25:[m[K [01;36m[Knote: [m[Kdeclared here
   [[deprecated]] double [01;36m[Ksearch_discretization_[m[K;
                         [01;36m[K^~~~~~~~~~~~~~~~~~~~~~[m[K
[01m[K/home/user/catkin_ws/src/fanuc/moveit_cfgs/fanuc_m20ib_moveit_plugins/m20ib25_kinematics/src/fanuc_m20ib25_manipulator_ikfast_moveit_plugin.cpp:955:86:[m[K [01;35m[Kwarning: [m[K'[01m[Kkinematics::KinematicsBase::search_discretization_[m[K' is deprecated [[01;35m[K-Wdeprecated-declarations[m[K]
     num_positive_increments = (joint_max_vector_[free_params_[0]] - initial_guess) / [01;35m[Ksearch_discretization_[m[K;
                                                                                      [01;35m[K^~~~~~~~~~~~~~~~~~~~~~[m[K
In file included from [01m[K/home/user/catkin_ws/src/fanuc/moveit_cfgs/fanuc_m20ib_moveit_plugins/m20ib25_kinematics/src/fanuc_m20ib25_manipulator_ikfast_moveit_plugin.cpp:50:0[m[K:
[01m[K/opt/ros/melodic/include/moveit/kinematics_base/kinematics_base.h:597:25:[m[K [01;36m[Knote: [m[Kdeclared here
   [[deprecated]] double [01;36m[Ksearch_discretization_[m[K;
                         [01;36m[K^~~~~~~~~~~~~~~~~~~~~~[m[K
[01m[K/home/user/catkin_ws/src/fanuc/moveit_cfgs/fanuc_m20ib_moveit_plugins/m20ib25_kinematics/src/fanuc_m20ib25_manipulator_ikfast_moveit_plugin.cpp:955:86:[m[K [01;35m[Kwarning: [m[K'[01m[Kkinematics::KinematicsBase::search_discretization_[m[K' is deprecated [[01;35m[K-Wdeprecated-declarations[m[K]
     num_positive_increments = (joint_max_vector_[free_params_[0]] - initial_guess) / [01;35m[Ksearch_discretization_[m[K;
                                                                                      [01;35m[K^~~~~~~~~~~~~~~~~~~~~~[m[K
In file included from [01m[K/home/user/catkin_ws/src/fanuc/moveit_cfgs/fanuc_m20ib_moveit_plugins/m20ib25_kinematics/src/fanuc_m20ib25_manipulator_ikfast_moveit_plugin.cpp:50:0[m[K:
[01m[K/opt/ros/melodic/include/moveit/kinematics_base/kinematics_base.h:597:25:[m[K [01;36m[Knote: [m[Kdeclared here
   [[deprecated]] double [01;36m[Ksearch_discretization_[m[K;
                         [01;36m[K^~~~~~~~~~~~~~~~~~~~~~[m[K
[01m[K/home/user/catkin_ws/src/fanuc/moveit_cfgs/fanuc_m20ib_moveit_plugins/m20ib25_kinematics/src/fanuc_m20ib25_manipulator_ikfast_moveit_plugin.cpp:956:86:[m[K [01;35m[Kwarning: [m[K'[01m[Kkinematics::KinematicsBase::search_discretization_[m[K' is deprecated [[01;35m[K-Wdeprecated-declarations[m[K]
     num_negative_increments = (initial_guess - joint_min_vector_[free_params_[0]]) / [01;35m[Ksearch_discretization_[m[K;
                                                                                      [01;35m[K^~~~~~~~~~~~~~~~~~~~~~[m[K
In file included from [01m[K/home/user/catkin_ws/src/fanuc/moveit_cfgs/fanuc_m20ib_moveit_plugins/m20ib25_kinematics/src/fanuc_m20ib25_manipulator_ikfast_moveit_plugin.cpp:50:0[m[K:
[01m[K/opt/ros/melodic/include/moveit/kinematics_base/kinematics_base.h:597:25:[m[K [01;36m[Knote: [m[Kdeclared here
   [[deprecated]] double [01;36m[Ksearch_discretization_[m[K;
                         [01;36m[K^~~~~~~~~~~~~~~~~~~~~~[m[K
[01m[K/home/user/catkin_ws/src/fanuc/moveit_cfgs/fanuc_m20ib_moveit_plugins/m20ib25_kinematics/src/fanuc_m20ib25_manipulator_ikfast_moveit_plugin.cpp:956:86:[m[K [01;35m[Kwarning: [m[K'[01m[Kkinematics::KinematicsBase::search_discretization_[m[K' is deprecated [[01;35m[K-Wdeprecated-declarations[m[K]
     num_negative_increments = (initial_guess - joint_min_vector_[free_params_[0]]) / [01;35m[Ksearch_discretization_[m[K;
                                                                                      [01;35m[K^~~~~~~~~~~~~~~~~~~~~~[m[K
In file included from [01m[K/home/user/catkin_ws/src/fanuc/moveit_cfgs/fanuc_m20ib_moveit_plugins/m20ib25_kinematics/src/fanuc_m20ib25_manipulator_ikfast_moveit_plugin.cpp:50:0[m[K:
[01m[K/opt/ros/melodic/include/moveit/kinematics_base/kinematics_base.h:597:25:[m[K [01;36m[Knote: [m[Kdeclared here
   [[deprecated]] double [01;36m[Ksearch_discretization_[m[K;
                         [01;36m[K^~~~~~~~~~~~~~~~~~~~~~[m[K
[01m[K/home/user/catkin_ws/src/fanuc/moveit_cfgs/fanuc_m20ib_moveit_plugins/m20ib25_kinematics/src/fanuc_m20ib25_manipulator_ikfast_moveit_plugin.cpp:1048:32:[m[K [01;35m[Kwarning: [m[K'[01m[Kkinematics::KinematicsBase::search_discretization_[m[K' is deprecated [[01;35m[K-Wdeprecated-declarations[m[K]
     vfree[0] = initial_guess + [01;35m[Ksearch_discretization_[m[K * counter;
                                [01;35m[K^~~~~~~~~~~~~~~~~~~~~~[m[K
In file included from [01m[K/home/user/catkin_ws/src/fanuc/moveit_cfgs/fanuc_m20ib_moveit_plugins/m20ib25_kinematics/src/fanuc_m20ib25_manipulator_ikfast_moveit_plugin.cpp:50:0[m[K:
[01m[K/opt/ros/melodic/include/moveit/kinematics_base/kinematics_base.h:597:25:[m[K [01;36m[Knote: [m[Kdeclared here
   [[deprecated]] double [01;36m[Ksearch_discretization_[m[K;
                         [01;36m[K^~~~~~~~~~~~~~~~~~~~~~[m[K
[01m[K/home/user/catkin_ws/src/fanuc/moveit_cfgs/fanuc_m20ib_moveit_plugins/m20ib25_kinematics/src/fanuc_m20ib25_manipulator_ikfast_moveit_plugin.cpp:1048:32:[m[K [01;35m[Kwarning: [m[K'[01m[Kkinematics::KinematicsBase::search_discretization_[m[K' is deprecated [[01;35m[K-Wdeprecated-declarations[m[K]
     vfree[0] = initial_guess + [01;35m[Ksearch_discretization_[m[K * counter;
                                [01;35m[K^~~~~~~~~~~~~~~~~~~~~~[m[K
In file included from [01m[K/home/user/catkin_ws/src/fanuc/moveit_cfgs/fanuc_m20ib_moveit_plugins/m20ib25_kinematics/src/fanuc_m20ib25_manipulator_ikfast_moveit_plugin.cpp:50:0[m[K:
[01m[K/opt/ros/melodic/include/moveit/kinematics_base/kinematics_base.h:597:25:[m[K [01;36m[Knote: [m[Kdeclared here
   [[deprecated]] double [01;36m[Ksearch_discretization_[m[K;
                         [01;36m[K^~~~~~~~~~~~~~~~~~~~~~[m[K
